data/opt10001.enc                                               a71b9c6e000000000725
data/opt10002.enc                                               69fb6d96000000000563
data/opt10003.enc                                               320f4c67000000000422
data/opt10004.enc                                               1502e51e000000001122
data/opt10005.enc                                               c0c207e7000000000467
data/opt10006.enc                                               8b3cc56a000000000359
data/opt10007.enc                                               a5def6a9000000001217
data/opt10008.enc                                               166b5072000000000411
data/opt10009.enc                                               998562c5000000000342
data/opt10010.enc                                               a6e1d61a000000000432
data/opt10011.enc                                               bd773c66000000000440
data/opt10012.enc                                               f2b3091d000000000939
data/opt10013.enc                                               8dd1749a000000000439
data/opt10014.enc                                               75791532000000000440
data/opt10015.enc                                               4e4db2d9000000000586
data/opt10016.enc                                               8e244e94000000000511
data/opt10017.enc                                               031b5a4e000000000508
data/opt10018.enc                                               d385334d000000000473
data/opt10019.enc                                               1e855c57000000000498
data/opt10020.enc                                               cd323746000000000455
data/opt10021.enc                                               85a9fced000000000464
data/opt10022.enc                                               aa5afdc2000000000461
data/opt10023.enc                                               c2bc120b000000000467
data/opt10024.enc                                               7c8387e7000000000429
data/opt10025.enc                                               b8310cf1000000000477
data/opt10026.enc                                               59cc3009000000000416
data/opt10027.enc                                               265c8f65000000000525
data/opt10028.enc                                               91de18c1000000000516
data/opt10029.enc                                               481719ab000000000487
data/opt10030.enc                                               65ed2185000000000575
data/opt10031.enc                                               034c9300000000000404
data/opt10032.enc                                               a415cfdb000000000464
data/opt10033.enc                                               a837807e000000000475
data/opt10034.enc                                               064c2eaf000000000468
data/opt10035.enc                                               aad6e7f8000000000476
data/opt10036.enc                                               bbf93356000000000479
data/opt10037.enc                                               e980b208000000000506
data/opt10038.enc                                               bf8f7c2f000000000461
data/opt10039.enc                                               86f0e567000000000494
data/opt10040.enc                                               69d32b06000000000762
data/opt10041.enc                                               ccfcde9a000000000297
data/opt10042.enc                                               5e2be91b000000000407
data/opt10043.enc                                               f2266559000000000485
data/opt10044.enc                                               db0a85ab000000000423
data/opt10045.enc                                               ebfd7591000000000542
data/opt10046.enc                                               dfbd2573000000000468
data/opt10047.enc                                               ed8447d1000000000457
data/opt10048.enc                                               0e411be8000000000358
data/opt10049.enc                                               0b19703d000000000374
data/opt10050.enc                                               fdc34561000000000406
data/opt10051.enc                                               79da6bb5000000000552
data/opt10052.enc                                               b31b2ffc000000000487
data/opt10053.enc                                               f4a3d810000000000361
data/opt10054.enc                                               3879bac4000000000593
data/opt10055.enc                                               9ebd78d9000000000389
data/opt10058.enc                                               8b5d1407000000000481
data/opt10059.enc                                               6647a547000000000565
data/opt10060.enc                                               121f113e000000000546
data/opt10061.enc                                               fb06c601000000000505
data/opt10062.enc                                               9ca0bfad000000000533
data/opt10063.enc                                               322134d0000000000584
data/opt10064.enc                                               4d1633e5000000000434
data/opt10065.enc                                               171fffb2000000000353
data/opt10066.enc                                               5ecca915000000000550
data/opt10067.enc                                               8e524544000000000373
data/opt10068.enc                                               646d05a5000000000384
data/opt10069.enc                                               3c389888000000000473
data/opt10070.enc                                               33c65a13000000000648
data/opt10071.enc                                               a3588be3000000000388
data/opt10072.enc                                               2364e596000000000504
data/opt10073.enc                                               e8e7c707000000000499
data/opt10074.enc                                               2c023721000000000423
data/opt10075.enc                                               b197391b000000000660
data/opt10076.enc                                               fe90fe2e000000000550
data/opt10077.enc                                               069fac30000000000433
data/opt10078.enc                                               67dc7943000000000432
data/opt10079.enc                                               4af5ff9a000000000488
data/opt10080.enc                                               673bf7a9000000000481
data/opt10081.enc                                               2216e77b000000000488
data/opt10082.enc                                               24597bbe000000000499
data/opt10083.enc                                               e012e8fd000000000500
data/opt10084.enc                                               371adb55000000000466
data/opt10085.enc                                               22bcdb90000000000489
data/opt10086.enc                                               fbe9f068000000000553
data/opt10087.enc                                               10a29e53000000000733
data/opt10088.enc                                               781854c5000000000463
data/opt10094.enc                                               0601504c000000000499
data/opt10098.enc                                               8041ddf7000000000500
data/opt10131.enc                                               36f6f5e3000000000592
data/opt10170.enc                                               183a344d000000000566
data/opt20001.enc                                               55f2c9fa000000000550
data/opt20002.enc                                               5d3f684e000000000418
data/opt20003.enc                                               45a23628000000000442
data/opt20004.enc                                               be99fb9e000000000412
data/opt20005.enc                                               83b8c83d000000000416
data/opt20006.enc                                               acfb3b7a000000000427
data/opt20007.enc                                               684177c2000000000426
data/opt20008.enc                                               c86f4996000000000426
data/opt20009.enc                                               4cfe986b000000000551
data/opt20019.enc                                               44aa279a000000000426
data/opt20068.enc                                               09ad2443000000000394
data/opt30001.enc                                               b0dfe7e1000000000516
data/opt30002.enc                                               c491ac34000000000433
data/opt30003.enc                                               cd4ddf11000000000390
data/opt30004.enc                                               99d874c0000000000485
data/opt30005.enc                                               1bc4538a000000000820
data/opt30006.enc                                               761b9ae8000000001150
data/opt30007.enc                                               2c48905f000000000756
data/opt30008.enc                                               aa368053000000000388
data/opt30009.enc                                               1bf264c2000000000439
data/opt30010.enc                                               7efe3001000000000454
data/opt30011.enc                                               d1c00e78000000000357
data/opt30012.enc                                               269623f8000000001077
data/opt40001.enc                                               ac179fe9000000000345
data/opt40002.enc                                               eb05090f000000000305
data/opt40003.enc                                               f82bd73d000000000443
data/opt40004.enc                                               92fcbf2b000000000531
data/opt40005.enc                                               098e921b000000000440
data/opt40006.enc                                               b9a00411000000000510
data/opt40007.enc                                               264f246d000000000438
data/opt40008.enc                                               f68c8994000000000432
data/opt40009.enc                                               4cc393f8000000000451
data/opt40010.enc                                               a449ee75000000000334
data/opt50001.enc                                               ae63812c000000001316
data/opt50002.enc                                               906483ed000000000511
data/opt50003.enc                                               eca11a85000000000520
data/opt50004.enc                                               d15e5334000000000296
data/opt50005.enc                                               45ee8910000000000316
data/opt50006.enc                                               09161871000000000431
data/opt50007.enc                                               13aab0e8000000000607
data/opt50008.enc                                               9b3874e3000000000371
data/opt50009.enc                                               21f105b7000000000367
data/opt50010.enc                                               00d115f2000000000432
data/opt50011.enc                                               63d89223000000000408
data/opt50012.enc                                               32326d04000000000305
data/opt50013.enc                                               781d8365000000000322
data/opt50014.enc                                               8e4dcf9e000000000479
data/opt50015.enc                                               eccbd73e000000000458
data/opt50016.enc                                               e760adde000000000436
data/opt50017.enc                                               35451043000000000374
data/opt50018.enc                                               05a66d94000000000306
data/opt50019.enc                                               09497ee1000000000549
data/opt50020.enc                                               1ae3dbb0000000000870
data/opt50021.enc                                               dff4a3ca000000000675
data/opt50022.enc                                               d8e7be94000000000674
data/opt50023.enc                                               4ce03ebe000000000704
data/opt50024.enc                                               18b8e7a4000000000442
data/opt50025.enc                                               2bb5523e000000000433
data/opt50026.enc                                               ee28741c000000000454
data/opt50027.enc                                               af8f0e86000000000772
data/opt50028.enc                                               1fd56c08000000000398
data/opt50029.enc                                               4127573f000000000394
data/opt50030.enc                                               2e645816000000000389
data/opt50031.enc                                               3f12737c000000000455
data/opt50032.enc                                               b6a2de5c000000000399
data/opt50033.enc                                               71d42221000000000455
data/opt50034.enc                                               2331b1f6000000000295
data/opt50035.enc                                               72e0df15000000000423
data/opt50036.enc                                               71d845ef000000000363
data/opt50037.enc                                               2d24d1a2000000000290
data/opt50038.enc                                               b38e56db000000000562
data/opt50039.enc                                               dc9468b0000000000751
data/opt50040.enc                                               323689f3000000000525
data/opt50043.enc                                               5f3a6e4d000000000383
data/opt50044.enc                                               971cfe9f000000000550
data/opt50062.enc                                               37832abb000000000458
data/opt50063.enc                                               4239515d000000000459
data/opt50064.enc                                               5a832284000000000456
data/opt50065.enc                                               f808b117000000000296
data/opt50066.enc                                               a074fe89000000000398
data/opt50067.enc                                               95abd300000000000359
data/opt50068.enc                                               99477b06000000000356
data/opt50071.enc                                               a4c44c96000000000356
data/opt50072.enc                                               0b49a7cc000000000356
data/opt50073.enc                                               57b97a8c000000000356
data/opt90001.enc                                               a5770b2e000000000440
data/opt90002.enc                                               973d7de8000000000481
data/opt90003.enc                                               b876b82c000000000466
data/opt90004.enc                                               17382a18000000000511
data/opt90005.enc                                               1f2b6f22000000000532
data/opt90006.enc                                               75d9faa0000000000375
data/opt90007.enc                                               74143e19000000000436
data/opt90008.enc                                               15da5588000000000540
data/opt90009.enc                                               0a30b011000000000484
data/opt90010.enc                                               c93f6ba2000000000675
data/opt90011.enc                                               32fc8c6a000000000662
data/opt90012.enc                                               04d50c03000000000366
data/opt90013.enc                                               0b8ecc5f000000000541
data/opt99999.enc                                               2bd250fd000000000369
data/optfofid.enc                                               b5aa7817000000000618
data/optkwfid.enc                                               21a334d9000000000908
data/optkwinv.enc                                               18452d97000000000338
data/optkwpro.enc                                               f614d6ab000000000454
data/opw00001.enc                                               bdb5b040000000001205
data/opw00002.enc                                               7811757e000000000443
data/opw00003.enc                                               1edf0667000000000304
data/opw00004.enc                                               23f87798000000000701
data/opw00005.enc                                               0b3e5177000000000772
data/opw00006.enc                                               382ef063000000000474
data/opw00007.enc                                               3712fd67000000000633
data/opw00008.enc                                               c18b6514000000000564
data/opw00009.enc                                               61626cbe000000000665
data/opw00010.enc                                               5d5b855c000000000634
data/opw00011.enc                                               214d6ad3000000000613
data/opw00012.enc                                               1039d581000000000559
data/opw00013.enc                                               1434de58000000000704
data/opw00014.enc                                               6ef4458a000000000294
data/opw00015.enc                                               e6c25286000000001021
data/opw00016.enc                                               3e54f01e000000000733
data/opw00017.enc                                               b50b2815000000000578
data/opw00018.enc                                               8c73b722000000000682
data/opw20001.enc                                               8783a42a000000000446
data/opw20002.enc                                               f25eb40d000000000741
data/opw20003.enc                                               92d69b88000000000554
data/opw20004.enc                                               aa8c1e70000000000562
data/opw20005.enc                                               e2fb97af000000000568
data/opw20006.enc                                               01461b1e000000000590
data/opw20007.enc                                               df003816000000000483
data/opw20008.enc                                               6ecf02b9000000000631
data/opw20009.enc                                               72e3a6e4000000000544
data/opw20010.enc                                               2e4511ab000000000585
data/opw20011.enc                                               0e82b39a000000000725
data/opw20012.enc                                               83c66bd2000000000795
data/opw20013.enc                                               4c9db620000000000388
data/opw20014.enc                                               1b28b672000000000763
data/opw20015.enc                                               b1d14ff1000000000450
data/opw20016.enc                                               23017b3a000000000447
data/opw20017.enc                                               4d96ad20000000000280
koa_devguide.xml                                                ec75902a000000138186
koascreentrmap.ini                                              0f419a91000000025762
koatrinputlegend.ini                                            558167e9000000061714
newabsolutedown.ini                                             9382b05a000000000037
