hjcode.dat                                                      ebe630e0000002433892
fjcode.dat                                                      283399e0000000005068
opcode.dat                                                      ae2a4f09000000218580
upcode.dat                                                      0ae6df8d000000002772
cjcode.dat                                                      a23ad762000002031856
pjcode.dat                                                      6d16a754000001809712
gpcode_n.dat                                                    1a435e9a000000001221
trcode.dat                                                      a692ebb8000000001752
sihwang.dat                                                     0103866d000000024108
nkrealtime.dat                                                  2e485fb7000000027694
frcode.dat                                                      efe62f12000000169728
thcode.dat                                                      aa29ef67000000345486
ewcode.dat                                                      81cd8cff000000004293
sfcode.dat                                                      33b62ae0000000640224
hkcode.dat                                                      b2c1e5ec000000511736
hicode.dat                                                      809342cf000000004556
jpcode.dat                                                      102379b5000000791400
jicode.dat                                                      dbd70ef7000000014105
elcode.dat                                                      c32a92c4000000351872
cfcode.dat                                                      d42354f5000000028304
cocode.dat                                                      9bc90728000000000232
opcode_sf2.dat                                                  4a3d8292000000435716
wkqopcode.dat                                                   63179e75000000003822
wmkqopcode.dat                                                  4a3fa2ae000000004033
wkqopcode_sf2.dat                                               1773d2cf000000004758
wmkqopcode_sf2.dat                                              834ccbc7000000005021
infotm.dat                                                      324336ec000000650045
nfjcode.dat                                                     601d4576000000005439
nopcode.dat                                                     03408098000000601007
nmopcode.dat                                                    4a9f59e2000000449207
nwkopcode.dat                                                   620a5c26000000000024
nwmkopcode.dat                                                  620a5c26000000000024
nkopcode.dat                                                    6e19dfe4000000065912
ncfcode.dat                                                     5d24771a000000006300
nwkopsfcode.dat                                                 620a5c26000000000024
nwmkopsfcode.dat                                                620a5c26000000000024
fscode.dat                                                      7d4adf37000000361398
nwkqopcode.dat                                                  0f92f9d8000000004455
nwmkqopcode.dat                                                 40e07408000000004666
nwkqopsfcode.dat                                                91a0b720000000005547
nwmkqopsfcode.dat                                               17c09df4000000005810
hjcode_m.dat                                                    9a9ade21000001144320
elcode_m.dat                                                    4accab34000000164940
hjcodej_m.dat                                                   42af35b4000000660450
hjcodea_m.dat                                                   f6812196000001081352
hjcodee_m.dat                                                   229a32fd000000318884
efcode.dat                                                      e90d3b19000000190404
mopcode.dat                                                     8eea5f87000000138660
mopcode_sf2.dat                                                 cd28168c000000276356
cacode.dat                                                      e7519faa000000259420
cucode.dat                                                      d8f14e40000000008576
gpcode_s.dat                                                    0502bc47000000001122
cocode_sf.dat                                                   a73b9a38000000000048
fmcode_x.dat                                                    03b5bc5b000005860116
kopcode.dat                                                     ece265d0000000034816
kopcode_sf2.dat                                                 aaa7dd3f000000069188
cmcode_w.dat                                                    d6cc3668000000000132
excode.dat                                                      fbcdf2e2000000004488
eucode_w.dat                                                    195c86ea000000092869
fucode.dat                                                      7d4adf37000000361398
nfwrealtime.dat                                                 81d5c342000000019002
uscode_w.dat                                                    5ca293c5000004183424
uicode.dat                                                      d3013891000000008897
umcode.dat                                                      159b9e57000000062370
uucode.dat                                                      c5a79d9b000000002646
etfcategory.dat                                                 df555d2e000000015759
uetfcatelst.dat                                                 cb1d0883000000680938
wkopcode.dat                                                    620a5c26000000000024
wkopcode_sf2.dat                                                620a5c26000000000024
cacode_g.dat                                                    50bdba78000000637780
cucode_g.dat                                                    1cf0ab2f000000008576
hkcode_g.dat                                                    68ba770e000000834489
hicode_g.dat                                                    d663299a000000004422
sgscode.dat                                                     603d188b000000241472
sgdlctree.dat                                                   0253bbd7000000004163
narealtime.dat                                                  d1c6fd44000000039292
euwkcode.dat                                                    d500fe12000000004434
euwksfcode.dat                                                  503777bf000000008704
us_index_combo.dat                                              4404fb50000000001079
wmkopcode.dat                                                   620a5c26000000000024
wmkopcode_sf2.dat                                               620a5c26000000000024
euwmcode.dat                                                    510f68ba000000006822
euwmsfcode.dat                                                  f3bf2762000000010848
popcode.dat                                                     fcd69879000000527857
popcode_sf2.dat                                                 a192c102000000841832
pmopcode.dat                                                    395ab3b2000000394537
pmopcode_sf2.dat                                                a8a7940f000000629192
pkopcode.dat                                                    0069eac9000000057904
pkopcode_sf2.dat                                                35540550000000092276
pwkopcode.dat                                                   d8791689000000022390
pwkopcode_sf2.dat                                               bab3e33e000000035216
pwmkopcode.dat                                                  8e18d498000000028298
pwmkopcode_sf2.dat                                              b263ea8d000000044512
nwknopcode.dat                                                  500cbc93000000027243
nwmknopcode.dat                                                 c599eaff000000028298
nwknopsfcode.dat                                                57fb8788000000033951
nwmknopsfcode.dat                                               7b7c2541000000035266
