2026/05/12,07:19:35,U,WASRecv SOCKET_ERROR...ERRORCODE=[10053]
2026/05/12,07:26:20,U,[000982][ 1][   1]로그인창 실행 [C:\OpenAPI\opstarter.exe]
2026/05/12,07:26:32,U,[000379][-1][   1]로그인 준비
2026/05/12,07:26:32,U,[000379][-1][   1]로그인 설정읽기 - 1/2단계
2026/05/12,07:26:32,U,[000379][-1][   1]로그인 설정읽기 - 2/2단계
2026/05/12,07:26:32,U,[000380][-1][   1]로그인 시작
2026/05/12,07:35:13,U,[000582][ 1][   1]로그인창 실행 [C:\OpenAPI\opstarter.exe]
2026/05/12,07:35:24,U,[000398][-1][   1]로그인 준비
2026/05/12,07:35:24,U,[000398][-1][   1]로그인 설정읽기 - 1/2단계
2026/05/12,07:35:24,U,[000398][-1][   1]로그인 설정읽기 - 2/2단계
2026/05/12,07:35:24,U,[000400][-1][   1]로그인 시작
2026/05/12,07:38:52,U,[000503][ 1][   1]로그인창 실행 [C:\OpenAPI\opstarter.exe]
2026/05/12,07:38:57,U,[000655][-1][   1]로그인 준비
2026/05/12,07:38:57,U,[000656][-1][   1]로그인 설정읽기 - 1/2단계
2026/05/12,07:38:57,U,[000656][-1][   1]로그인 설정읽기 - 2/2단계
2026/05/12,07:38:57,U,[000657][-1][   1]로그인 시작
2026/05/12,07:43:19,U,[000635][ 1][   1]로그인창 실행 [C:\OpenAPI\opstarter.exe]
2026/05/12,07:43:24,U,[000150][-1][   1]로그인 준비
2026/05/12,07:43:24,U,[000150][-1][   1]로그인 설정읽기 - 1/2단계
2026/05/12,07:43:24,U,[000150][-1][   1]로그인 설정읽기 - 2/2단계
2026/05/12,07:43:24,U,[000151][-1][   1]로그인 시작
2026/05/12,07:49:45,U,[000371][ 1][   1]로그인창 실행 [C:\OpenAPI\opstarter.exe]
2026/05/12,07:49:49,U,[000828][-1][   1]로그인 준비
2026/05/12,07:49:49,U,[000828][-1][   1]로그인 설정읽기 - 1/2단계
2026/05/12,07:49:49,U,[000829][-1][   1]로그인 설정읽기 - 2/2단계
2026/05/12,07:49:49,U,[000829][-1][   1]로그인 시작
2026/05/12,07:52:26,U,[000840][ 1][   1]로그인창 실행 [C:\OpenAPI\opstarter.exe]
2026/05/12,07:52:31,U,[000326][-1][   1]로그인 준비
2026/05/12,07:52:31,U,[000327][-1][   1]로그인 설정읽기 - 1/2단계
2026/05/12,07:52:31,U,[000327][-1][   1]로그인 설정읽기 - 2/2단계
2026/05/12,07:52:31,U,[000327][-1][   1]로그인 시작
2026/05/12,07:56:25,U,[000735][ 1][   1]로그인창 실행 [C:\OpenAPI\opstarter.exe]
2026/05/12,07:56:30,U,[000437][-1][   1]로그인 준비
2026/05/12,07:56:30,U,[000437][-1][   1]로그인 설정읽기 - 1/2단계
2026/05/12,07:56:30,U,[000437][-1][   1]로그인 설정읽기 - 2/2단계
2026/05/12,07:56:30,U,[000438][-1][   1]로그인 시작
2026/05/12,08:02:29,U,[000008][ 1][   1]로그인창 실행 [C:\OpenAPI\opstarter.exe]
2026/05/12,08:02:33,U,[000664][-1][   1]로그인 준비
2026/05/12,08:02:33,U,[000665][-1][   1]로그인 설정읽기 - 1/2단계
2026/05/12,08:02:33,U,[000665][-1][   1]로그인 설정읽기 - 2/2단계
2026/05/12,08:02:33,U,[000665][-1][   1]로그인 시작
2026/05/12,08:09:00,U,[000243][ 1][   1]로그인창 실행 [C:\OpenAPI\opstarter.exe]
2026/05/12,08:09:05,U,[000051][-1][   1]로그인 준비
2026/05/12,08:09:05,U,[000052][-1][   1]로그인 설정읽기 - 1/2단계
2026/05/12,08:09:05,U,[000052][-1][   1]로그인 설정읽기 - 2/2단계
2026/05/12,08:09:05,U,[000053][-1][   1]로그인 시작
2026/05/12,08:23:50,U,[000819][ 1][   1]로그인창 실행 [C:\OpenAPI\opstarter.exe]
2026/05/12,08:24:01,U,[000618][-1][   1]로그인 준비
2026/05/12,08:24:01,U,[000619][-1][   1]로그인 설정읽기 - 1/2단계
2026/05/12,08:24:01,U,[000619][-1][   1]로그인 설정읽기 - 2/2단계
2026/05/12,08:24:01,U,[000620][-1][   1]로그인 시작
2026/05/12,08:30:46,U,[000597][ 1][   1]로그인창 실행 [C:\OpenAPI\opstarter.exe]
2026/05/12,08:30:51,U,[000250][-1][   1]로그인 준비
2026/05/12,08:30:51,U,[000251][-1][   1]로그인 설정읽기 - 1/2단계
2026/05/12,08:30:51,U,[000251][-1][   1]로그인 설정읽기 - 2/2단계
2026/05/12,08:30:51,U,[000252][-1][   1]로그인 시작
2026/05/12,08:36:28,U,[000620][ 1][   1]로그인창 실행 [C:\OpenAPI\opstarter.exe]
2026/05/12,08:36:33,U,[000516][-1][   1]로그인 준비
2026/05/12,08:36:33,U,[000516][-1][   1]로그인 설정읽기 - 1/2단계
2026/05/12,08:36:33,U,[000516][-1][   1]로그인 설정읽기 - 2/2단계
2026/05/12,08:36:33,U,[000517][-1][   1]로그인 시작
2026/05/12,08:49:26,U,[000469][ 1][   1]로그인창 실행 [C:\OpenAPI\opstarter.exe]
2026/05/12,08:49:37,U,[000135][-1][   1]로그인 준비
2026/05/12,08:49:37,U,[000135][-1][   1]로그인 설정읽기 - 1/2단계
2026/05/12,08:49:37,U,[000135][-1][   1]로그인 설정읽기 - 2/2단계
2026/05/12,08:49:37,U,[000136][-1][   1]로그인 시작
2026/05/12,09:13:08,U,[000968][ 1][   1]로그인창 실행 [C:\OpenAPI\opstarter.exe]
2026/05/12,09:13:13,U,[000705][-1][   1]로그인 준비
2026/05/12,09:13:13,U,[000705][-1][   1]로그인 설정읽기 - 1/2단계
2026/05/12,09:13:13,U,[000706][-1][   1]로그인 설정읽기 - 2/2단계
2026/05/12,09:13:13,U,[000706][-1][   1]로그인 시작
2026/05/12,09:17:25,U,[000535][ 1][   1]로그인창 실행 [C:\OpenAPI\opstarter.exe]
2026/05/12,09:17:30,U,[000461][-1][   1]로그인 준비
2026/05/12,09:17:30,U,[000462][-1][   1]로그인 설정읽기 - 1/2단계
2026/05/12,09:17:30,U,[000462][-1][   1]로그인 설정읽기 - 2/2단계
2026/05/12,09:17:30,U,[000463][-1][   1]로그인 시작
2026/05/12,09:40:04,U,[000307][ 1][   1]로그인창 실행 [C:\OpenAPI\opstarter.exe]
2026/05/12,09:40:08,U,[000998][-1][   1]로그인 준비
2026/05/12,09:40:08,U,[000998][-1][   1]로그인 설정읽기 - 1/2단계
2026/05/12,09:40:08,U,[000998][-1][   1]로그인 설정읽기 - 2/2단계
2026/05/12,09:40:08,U,[000999][-1][   1]로그인 시작
2026/05/12,09:51:33,U,[000033][ 1][   1]로그인창 실행 [C:\OpenAPI\opstarter.exe]
2026/05/12,09:51:37,U,[000689][-1][   1]로그인 준비
2026/05/12,09:51:37,U,[000690][-1][   1]로그인 설정읽기 - 1/2단계
2026/05/12,09:51:37,U,[000690][-1][   1]로그인 설정읽기 - 2/2단계
2026/05/12,09:51:37,U,[000690][-1][   1]로그인 시작
2026/05/12,09:56:52,U,[000754][ 1][   1]로그인창 실행 [C:\OpenAPI\opstarter.exe]
2026/05/12,09:56:57,U,[000432][-1][   1]로그인 준비
2026/05/12,09:56:57,U,[000433][-1][   1]로그인 설정읽기 - 1/2단계
2026/05/12,09:56:57,U,[000433][-1][   1]로그인 설정읽기 - 2/2단계
2026/05/12,09:56:57,U,[000434][-1][   1]로그인 시작
2026/05/12,10:06:36,U,[000618][ 1][   1]로그인창 실행 [C:\OpenAPI\opstarter.exe]
2026/05/12,10:06:47,U,[000376][-1][   1]로그인 준비
2026/05/12,10:06:47,U,[000376][-1][   1]로그인 설정읽기 - 1/2단계
2026/05/12,10:06:47,U,[000376][-1][   1]로그인 설정읽기 - 2/2단계
2026/05/12,10:06:47,U,[000377][-1][   1]로그인 시작
2026/05/12,13:37:12,U,[000953][ 1][   1]로그인창 실행 [C:\OpenAPI\opstarter.exe]
2026/05/12,13:37:23,U,[000509][-1][   1]로그인 준비
2026/05/12,13:37:23,U,[000510][-1][   1]로그인 설정읽기 - 1/2단계
2026/05/12,13:37:23,U,[000510][-1][   1]로그인 설정읽기 - 2/2단계
2026/05/12,13:37:23,U,[000510][-1][   1]로그인 시작
2026/05/12,13:46:53,U,[000322][ 1][   1]로그인창 실행 [C:\OpenAPI\opstarter.exe]
2026/05/12,13:47:04,U,[000123][-1][   1]로그인 준비
2026/05/12,13:47:04,U,[000123][-1][   1]로그인 설정읽기 - 1/2단계
2026/05/12,13:47:04,U,[000123][-1][   1]로그인 설정읽기 - 2/2단계
2026/05/12,13:47:04,U,[000124][-1][   1]로그인 시작
2026/05/12,13:53:43,U,[000905][ 1][   1]로그인창 실행 [C:\OpenAPI\opstarter.exe]
2026/05/12,13:53:54,U,[000306][-1][   1]로그인 준비
2026/05/12,13:53:54,U,[000306][-1][   1]로그인 설정읽기 - 1/2단계
2026/05/12,13:53:54,U,[000306][-1][   1]로그인 설정읽기 - 2/2단계
2026/05/12,13:53:54,U,[000307][-1][   1]로그인 시작
2026/05/12,13:57:48,U,[000857][ 1][   1]로그인창 실행 [C:\OpenAPI\opstarter.exe]
2026/05/12,13:57:53,U,[000560][-1][   1]로그인 준비
2026/05/12,13:57:53,U,[000560][-1][   1]로그인 설정읽기 - 1/2단계
2026/05/12,13:57:53,U,[000561][-1][   1]로그인 설정읽기 - 2/2단계
2026/05/12,13:57:53,U,[000562][-1][   1]로그인 시작
2026/05/12,14:06:45,U,[000260][ 1][   1]로그인창 실행 [C:\OpenAPI\opstarter.exe]
2026/05/12,14:06:50,U,[000486][-1][   1]로그인 준비
2026/05/12,14:06:50,U,[000486][-1][   1]로그인 설정읽기 - 1/2단계
2026/05/12,14:06:50,U,[000487][-1][   1]로그인 설정읽기 - 2/2단계
2026/05/12,14:06:50,U,[000487][-1][   1]로그인 시작
2026/05/12,14:11:17,U,[000727][ 1][   1]로그인창 실행 [C:\OpenAPI\opstarter.exe]
2026/05/12,14:11:22,U,[000098][-1][   1]로그인 준비
2026/05/12,14:11:22,U,[000098][-1][   1]로그인 설정읽기 - 1/2단계
2026/05/12,14:11:22,U,[000099][-1][   1]로그인 설정읽기 - 2/2단계
2026/05/12,14:11:22,U,[000099][-1][   1]로그인 시작
2026/05/12,14:22:34,U,[000305][ 1][   1]로그인창 실행 [C:\OpenAPI\opstarter.exe]
2026/05/12,14:22:39,U,[000412][-1][   1]로그인 준비
2026/05/12,14:22:39,U,[000412][-1][   1]로그인 설정읽기 - 1/2단계
2026/05/12,14:22:39,U,[000413][-1][   1]로그인 설정읽기 - 2/2단계
2026/05/12,14:22:39,U,[000414][-1][   1]로그인 시작
2026/05/12,14:35:39,U,[000650][ 1][   1]로그인창 실행 [C:\OpenAPI\opstarter.exe]
2026/05/12,14:35:46,U,[000864][-1][   1]Data A[33][2] [5001][opt10032_req][opt10032][1][][0][1713]
2026/05/12,14:35:49,U,[000906][-1][   1]Data A[34][2] [5002][opt10032_req][opt10032][1][][0][1713]
2026/05/12,14:35:50,U,[000447][-1][   1]로그인 준비
2026/05/12,14:35:50,U,[000447][-1][   1]로그인 설정읽기 - 1/2단계
2026/05/12,14:35:50,U,[000447][-1][   1]로그인 설정읽기 - 2/2단계
2026/05/12,14:35:50,U,[000447][-1][   1]로그인 시작
2026/05/12,14:49:22,U,[000651][ 1][   1]로그인창 실행 [C:\OpenAPI\opstarter.exe]
2026/05/12,14:49:27,U,[000761][-1][   1]로그인 준비
2026/05/12,14:49:27,U,[000761][-1][   1]로그인 설정읽기 - 1/2단계
2026/05/12,14:49:27,U,[000761][-1][   1]로그인 설정읽기 - 2/2단계
2026/05/12,14:49:27,U,[000762][-1][   1]로그인 시작
2026/05/12,15:14:50,U,[000329][ 1][   1]로그인창 실행 [C:\OpenAPI\opstarter.exe]
2026/05/12,15:14:52,U,[000113][-1][   0] 사용자가 소켓 연결 해제 CommTerminate
2026/05/12,15:20:42,U,[000671][ 1][   1]로그인창 실행 [C:\OpenAPI\opstarter.exe]
2026/05/12,15:20:47,U,[000299][-1][   1]로그인 준비
2026/05/12,15:20:47,U,[000301][-1][   1]로그인 설정읽기 - 1/2단계
2026/05/12,15:20:47,U,[000301][-1][   1]로그인 설정읽기 - 2/2단계
2026/05/12,15:20:47,U,[000302][-1][   1]로그인 시작
2026/05/12,15:25:09,U,[000311][ 1][   1]로그인창 실행 [C:\OpenAPI\opstarter.exe]
2026/05/12,15:25:13,U,[000897][-1][   1]로그인 준비
2026/05/12,15:25:13,U,[000897][-1][   1]로그인 설정읽기 - 1/2단계
2026/05/12,15:25:13,U,[000898][-1][   1]로그인 설정읽기 - 2/2단계
2026/05/12,15:25:13,U,[000898][-1][   1]로그인 시작
2026/05/12,15:37:47,U,[000903][ 1][   1]로그인창 실행 [C:\OpenAPI\opstarter.exe]
2026/05/12,15:37:52,U,[000355][-1][   1]로그인 준비
2026/05/12,15:37:52,U,[000355][-1][   1]로그인 설정읽기 - 1/2단계
2026/05/12,15:37:52,U,[000356][-1][   1]로그인 설정읽기 - 2/2단계
2026/05/12,15:37:52,U,[000356][-1][   1]로그인 시작
