2026/05/19,00:00:37,U,[000335][ 1][   1]로그인창 실행 [C:\OpenAPI\opstarter.exe]
2026/05/19,00:00:42,U,[000842][-1][   1]로그인 준비
2026/05/19,00:00:42,U,[000842][-1][   1]로그인 설정읽기 - 1/2단계
2026/05/19,00:00:42,U,[000843][-1][   1]로그인 설정읽기 - 2/2단계
2026/05/19,00:00:42,U,[000844][-1][   1]로그인 시작
2026/05/19,00:04:01,U,[000953][ 1][   1]로그인창 실행 [C:\OpenAPI\opstarter.exe]
2026/05/19,00:04:07,U,[000418][-1][   1]로그인 준비
2026/05/19,00:04:07,U,[000418][-1][   1]로그인 설정읽기 - 1/2단계
2026/05/19,00:04:07,U,[000418][-1][   1]로그인 설정읽기 - 2/2단계
2026/05/19,00:04:07,U,[000419][-1][   1]로그인 시작
2026/05/19,00:07:16,U,[000655][ 1][   1]로그인창 실행 [C:\OpenAPI\opstarter.exe]
2026/05/19,00:07:21,U,[000272][-1][   1]로그인 준비
2026/05/19,00:07:21,U,[000272][-1][   1]로그인 설정읽기 - 1/2단계
2026/05/19,00:07:21,U,[000272][-1][   1]로그인 설정읽기 - 2/2단계
2026/05/19,00:07:21,U,[000273][-1][   1]로그인 시작
2026/05/19,00:07:38,U,[000137][ 1][   1]로그인창 실행 [C:\OpenAPI\opstarter.exe]
2026/05/19,00:07:42,U,[000820][-1][   1]로그인 준비
2026/05/19,00:07:42,U,[000820][-1][   1]로그인 설정읽기 - 1/2단계
2026/05/19,00:07:42,U,[000820][-1][   1]로그인 설정읽기 - 2/2단계
2026/05/19,00:07:42,U,[000820][-1][   1]로그인 시작
2026/05/19,07:50:50,U,[000762][ 1][   1]로그인창 실행 [C:\OpenAPI\opstarter.exe]
2026/05/19,07:51:02,U,[000724][-1][   1]로그인 준비
2026/05/19,07:51:02,U,[000724][-1][   1]로그인 설정읽기 - 1/2단계
2026/05/19,07:51:02,U,[000725][-1][   1]로그인 설정읽기 - 2/2단계
2026/05/19,07:51:02,U,[000726][-1][   1]로그인 시작
2026/05/19,08:19:39,U,[000556][ 1][   1]로그인창 실행 [C:\OpenAPI\opstarter.exe]
2026/05/19,08:19:44,U,[000443][-1][   1]로그인 준비
2026/05/19,08:19:44,U,[000443][-1][   1]로그인 설정읽기 - 1/2단계
2026/05/19,08:19:44,U,[000443][-1][   1]로그인 설정읽기 - 2/2단계
2026/05/19,08:19:44,U,[000445][-1][   1]로그인 시작
2026/05/19,08:48:02,U,[000730][ 1][   1]로그인창 실행 [C:\OpenAPI\opstarter.exe]
2026/05/19,08:48:07,U,[000822][-1][   1]로그인 준비
2026/05/19,08:48:07,U,[000822][-1][   1]로그인 설정읽기 - 1/2단계
2026/05/19,08:48:07,U,[000822][-1][   1]로그인 설정읽기 - 2/2단계
2026/05/19,08:48:07,U,[000823][-1][   1]로그인 시작
2026/05/19,10:05:36,U,[000534][ 1][   1]로그인창 실행 [C:\OpenAPI\opstarter.exe]
2026/05/19,10:05:41,U,[000902][-1][   1]로그인 준비
2026/05/19,10:05:41,U,[000902][-1][   1]로그인 설정읽기 - 1/2단계
2026/05/19,10:05:41,U,[000903][-1][   1]로그인 설정읽기 - 2/2단계
2026/05/19,10:05:41,U,[000903][-1][   1]로그인 시작
2026/05/19,12:59:00,U,[000728][ 1][   1]로그인창 실행 [C:\OpenAPI\opstarter.exe]
2026/05/19,12:59:02,U,[000767][-1][   0] 사용자가 소켓 연결 해제 CommTerminate
2026/05/19,13:00:47,U,[000730][ 1][   1]로그인창 실행 [c:\OpenAPI\opstarter.exe]
2026/05/19,13:00:50,U,[000570][-1][   0] 사용자가 소켓 연결 해제 CommTerminate
2026/05/19,13:01:33,U,[000810][ 1][   1]로그인창 실행 [c:\OpenAPI\opstarter.exe]
2026/05/19,13:01:35,U,[000902][-1][   0] 사용자가 소켓 연결 해제 CommTerminate
2026/05/19,13:03:54,U,[000763][ 1][   1]로그인창 실행 [c:\OpenAPI\opstarter.exe]
2026/05/19,13:03:59,U,[000340][-1][   1]로그인 준비
2026/05/19,13:03:59,U,[000340][-1][   1]로그인 설정읽기 - 1/2단계
2026/05/19,13:03:59,U,[000340][-1][   1]로그인 설정읽기 - 2/2단계
2026/05/19,13:03:59,U,[000341][-1][   1]로그인 시작
2026/05/19,13:16:22,U,[000576][ 1][   1]로그인창 실행 [c:\OpenAPI\opstarter.exe]
2026/05/19,13:16:27,U,[000648][-1][   1]로그인 준비
2026/05/19,13:16:27,U,[000648][-1][   1]로그인 설정읽기 - 1/2단계
2026/05/19,13:16:27,U,[000649][-1][   1]로그인 설정읽기 - 2/2단계
2026/05/19,13:16:27,U,[000649][-1][   1]로그인 시작
2026/05/19,13:47:59,U,[000216][ 1][   1]로그인창 실행 [c:\OpenAPI\opstarter.exe]
2026/05/19,13:48:04,U,[000909][-1][   1]로그인 준비
2026/05/19,13:48:04,U,[000909][-1][   1]로그인 설정읽기 - 1/2단계
2026/05/19,13:48:04,U,[000911][-1][   1]로그인 설정읽기 - 2/2단계
2026/05/19,13:48:04,U,[000911][-1][   1]로그인 시작
2026/05/19,13:52:33,U,[000365][ 1][   1]로그인창 실행 [c:\OpenAPI\opstarter.exe]
2026/05/19,13:52:38,U,[000671][-1][   1]로그인 준비
2026/05/19,13:52:38,U,[000671][-1][   1]로그인 설정읽기 - 1/2단계
2026/05/19,13:52:38,U,[000671][-1][   1]로그인 설정읽기 - 2/2단계
2026/05/19,13:52:38,U,[000672][-1][   1]로그인 시작
2026/05/19,13:53:08,U,[000117][ 1][   1]로그인창 실행 [c:\OpenAPI\opstarter.exe]
2026/05/19,13:53:13,U,[000650][-1][   1]로그인 준비
2026/05/19,13:53:13,U,[000650][-1][   1]로그인 설정읽기 - 1/2단계
2026/05/19,13:53:13,U,[000651][-1][   1]로그인 설정읽기 - 2/2단계
2026/05/19,13:53:13,U,[000651][-1][   1]로그인 시작
2026/05/19,14:57:11,U,[000818][ 1][   1]로그인창 실행 [c:\OpenAPI\opstarter.exe]
2026/05/19,14:57:17,U,[000753][-1][   1]로그인 준비
2026/05/19,14:57:17,U,[000753][-1][   1]로그인 설정읽기 - 1/2단계
2026/05/19,14:57:17,U,[000754][-1][   1]로그인 설정읽기 - 2/2단계
2026/05/19,14:57:17,U,[000754][-1][   1]로그인 시작
2026/05/19,17:40:34,U,WASRecv SOCKET_ERROR...ERRORCODE=[10053]
2026/05/19,22:49:34,U,[000443][ 1][   1]로그인창 실행 [c:\OpenAPI\opstarter.exe]
2026/05/19,22:49:41,U,[000715][-1][   1]로그인 준비
2026/05/19,22:49:41,U,[000715][-1][   1]로그인 설정읽기 - 1/2단계
2026/05/19,22:49:41,U,[000715][-1][   1]로그인 설정읽기 - 2/2단계
2026/05/19,22:49:41,U,[000716][-1][   1]로그인 시작
