2026/05/14,07:46:07,U,WASRecv SOCKET_ERROR...ERRORCODE=[10053]
2026/05/14,07:48:31,U,[000020][ 1][   1]로그인창 실행 [C:\OpenAPI\opstarter.exe]
2026/05/14,07:48:42,U,[000783][-1][   1]로그인 준비
2026/05/14,07:48:42,U,[000783][-1][   1]로그인 설정읽기 - 1/2단계
2026/05/14,07:48:42,U,[000783][-1][   1]로그인 설정읽기 - 2/2단계
2026/05/14,07:48:42,U,[000784][-1][   1]로그인 시작
2026/05/14,08:16:35,U,[000323][ 1][   1]로그인창 실행 [C:\OpenAPI\opstarter.exe]
2026/05/14,08:16:40,U,[000846][-1][   1]로그인 준비
2026/05/14,08:16:40,U,[000847][-1][   1]로그인 설정읽기 - 1/2단계
2026/05/14,08:16:40,U,[000847][-1][   1]로그인 설정읽기 - 2/2단계
2026/05/14,08:16:40,U,[000851][-1][   1]로그인 시작
2026/05/14,08:26:22,U,[000945][ 1][   1]로그인창 실행 [C:\OpenAPI\opstarter.exe]
2026/05/14,08:26:29,U,[000539][-1][   1]로그인 준비
2026/05/14,08:26:29,U,[000541][-1][   1]로그인 설정읽기 - 1/2단계
2026/05/14,08:26:29,U,[000541][-1][   1]로그인 설정읽기 - 2/2단계
2026/05/14,08:26:29,U,[000542][-1][   1]로그인 시작
2026/05/14,08:33:32,U,[000574][ 1][   1]로그인창 실행 [C:\OpenAPI\opstarter.exe]
2026/05/14,08:33:38,U,[000135][-1][   1]로그인 준비
2026/05/14,08:33:38,U,[000135][-1][   1]로그인 설정읽기 - 1/2단계
2026/05/14,08:33:38,U,[000135][-1][   1]로그인 설정읽기 - 2/2단계
2026/05/14,08:33:38,U,[000136][-1][   1]로그인 시작
2026/05/14,08:42:23,U,[000102][ 1][   1]로그인창 실행 [C:\OpenAPI\opstarter.exe]
2026/05/14,08:42:28,U,[000359][-1][   1]로그인 준비
2026/05/14,08:42:28,U,[000359][-1][   1]로그인 설정읽기 - 1/2단계
2026/05/14,08:42:28,U,[000359][-1][   1]로그인 설정읽기 - 2/2단계
2026/05/14,08:42:28,U,[000360][-1][   1]로그인 시작
2026/05/14,09:21:22,U,[000027][ 1][   1]로그인창 실행 [C:\OpenAPI\opstarter.exe]
2026/05/14,09:21:27,U,[000422][-1][   1]로그인 준비
2026/05/14,09:21:27,U,[000422][-1][   1]로그인 설정읽기 - 1/2단계
2026/05/14,09:21:27,U,[000422][-1][   1]로그인 설정읽기 - 2/2단계
2026/05/14,09:21:27,U,[000423][-1][   1]로그인 시작
2026/05/14,11:24:07,U,[000399][ 1][   1]로그인창 실행 [C:\OpenAPI\opstarter.exe]
2026/05/14,11:24:16,U,[000013][-1][   1]로그인 준비
2026/05/14,11:24:16,U,[000013][-1][   1]로그인 설정읽기 - 1/2단계
2026/05/14,11:24:16,U,[000014][-1][   1]로그인 설정읽기 - 2/2단계
2026/05/14,11:24:16,U,[000014][-1][   1]로그인 시작
2026/05/14,15:24:08,U,[000494][ 1][   1]로그인창 실행 [C:\OpenAPI\opstarter.exe]
2026/05/14,15:24:13,U,[000982][-1][   1]로그인 준비
2026/05/14,15:24:13,U,[000982][-1][   1]로그인 설정읽기 - 1/2단계
2026/05/14,15:24:13,U,[000982][-1][   1]로그인 설정읽기 - 2/2단계
2026/05/14,15:24:13,U,[000983][-1][   1]로그인 시작
2026/05/14,18:17:47,U,WASRecv SOCKET_ERROR...ERRORCODE=[10054]
