2026/05/13,07:33:20,U,WASRecv SOCKET_ERROR...ERRORCODE=[10053]
2026/05/13,09:57:10,U,[000980][ 1][   1]로그인창 실행 [C:\OpenAPI\opstarter.exe]
2026/05/13,09:57:23,U,[000003][-1][   1]로그인 준비
2026/05/13,09:57:23,U,[000004][-1][   1]로그인 설정읽기 - 1/2단계
2026/05/13,09:57:23,U,[000004][-1][   1]로그인 설정읽기 - 2/2단계
2026/05/13,09:57:23,U,[000004][-1][   1]로그인 시작
2026/05/13,11:56:13,U,WASRecv SOCKET_ERROR...ERRORCODE=[10060]
2026/05/13,16:37:29,U,[000130][ 1][   1]로그인창 실행 [C:\OpenAPI\opstarter.exe]
2026/05/13,16:37:34,U,[000221][-1][   1]로그인 준비
2026/05/13,16:37:34,U,[000221][-1][   1]로그인 설정읽기 - 1/2단계
2026/05/13,16:37:34,U,[000222][-1][   1]로그인 설정읽기 - 2/2단계
2026/05/13,16:37:34,U,[000222][-1][   1]로그인 시작
2026/05/13,16:48:59,U,[000653][ 1][   1]로그인창 실행 [C:\OpenAPI\opstarter.exe]
2026/05/13,16:49:10,U,[000563][-1][   1]로그인 준비
2026/05/13,16:49:10,U,[000563][-1][   1]로그인 설정읽기 - 1/2단계
2026/05/13,16:49:10,U,[000563][-1][   1]로그인 설정읽기 - 2/2단계
2026/05/13,16:49:10,U,[000564][-1][   1]로그인 시작
2026/05/13,17:32:54,U,[000952][ 1][   1]로그인창 실행 [C:\OpenAPI\opstarter.exe]
2026/05/13,17:33:06,U,[000576][-1][   1]로그인 준비
2026/05/13,17:33:06,U,[000576][-1][   1]로그인 설정읽기 - 1/2단계
2026/05/13,17:33:06,U,[000576][-1][   1]로그인 설정읽기 - 2/2단계
2026/05/13,17:33:06,U,[000578][-1][   1]로그인 시작
2026/05/13,17:38:31,U,[000050][ 1][   1]로그인창 실행 [C:\OpenAPI\opstarter.exe]
2026/05/13,17:38:36,U,[000256][-1][   1]로그인 준비
2026/05/13,17:38:36,U,[000256][-1][   1]로그인 설정읽기 - 1/2단계
2026/05/13,17:38:36,U,[000256][-1][   1]로그인 설정읽기 - 2/2단계
2026/05/13,17:38:36,U,[000257][-1][   1]로그인 시작
2026/05/13,17:50:11,U,WASRecv SOCKET_ERROR...ERRORCODE=[10053]
2026/05/13,19:54:24,U,[000559][ 1][   1]로그인창 실행 [C:\OpenAPI\opstarter.exe]
2026/05/13,19:54:30,U,[000420][-1][   1]로그인 준비
2026/05/13,19:54:30,U,[000422][-1][   1]로그인 설정읽기 - 1/2단계
2026/05/13,19:54:30,U,[000422][-1][   1]로그인 설정읽기 - 2/2단계
2026/05/13,19:54:30,U,[000423][-1][   1]로그인 시작
2026/05/13,19:58:59,U,[000137][ 1][   1]로그인창 실행 [C:\OpenAPI\opstarter.exe]
2026/05/13,19:59:04,U,[000557][-1][   1]로그인 준비
2026/05/13,19:59:04,U,[000557][-1][   1]로그인 설정읽기 - 1/2단계
2026/05/13,19:59:04,U,[000558][-1][   1]로그인 설정읽기 - 2/2단계
2026/05/13,19:59:04,U,[000558][-1][   1]로그인 시작
2026/05/13,20:05:51,U,[000573][ 1][   1]로그인창 실행 [C:\OpenAPI\opstarter.exe]
2026/05/13,20:05:57,U,[000419][-1][   1]로그인 준비
2026/05/13,20:05:57,U,[000419][-1][   1]로그인 설정읽기 - 1/2단계
2026/05/13,20:05:57,U,[000420][-1][   1]로그인 설정읽기 - 2/2단계
2026/05/13,20:05:57,U,[000420][-1][   1]로그인 시작
2026/05/13,20:11:41,U,[000382][ 1][   1]로그인창 실행 [C:\OpenAPI\opstarter.exe]
2026/05/13,20:11:46,U,[000335][-1][   1]로그인 준비
2026/05/13,20:11:46,U,[000335][-1][   1]로그인 설정읽기 - 1/2단계
2026/05/13,20:11:46,U,[000335][-1][   1]로그인 설정읽기 - 2/2단계
2026/05/13,20:11:46,U,[000336][-1][   1]로그인 시작
2026/05/13,20:22:52,U,[000265][ 1][   1]로그인창 실행 [C:\OpenAPI\opstarter.exe]
2026/05/13,20:22:57,U,[000485][-1][   1]로그인 준비
2026/05/13,20:22:57,U,[000486][-1][   1]로그인 설정읽기 - 1/2단계
2026/05/13,20:22:57,U,[000486][-1][   1]로그인 설정읽기 - 2/2단계
2026/05/13,20:22:57,U,[000487][-1][   1]로그인 시작
2026/05/13,20:36:05,U,[000731][ 1][   1]로그인창 실행 [C:\OpenAPI\opstarter.exe]
2026/05/13,20:36:11,U,[000000][-1][   1]로그인 준비
2026/05/13,20:36:11,U,[000001][-1][   1]로그인 설정읽기 - 1/2단계
2026/05/13,20:36:11,U,[000001][-1][   1]로그인 설정읽기 - 2/2단계
2026/05/13,20:36:11,U,[000002][-1][   1]로그인 시작
2026/05/13,20:45:30,U,[000104][ 1][   1]로그인창 실행 [C:\OpenAPI\opstarter.exe]
2026/05/13,20:45:46,U,[000163][-1][   1]Data A[33][2] [5001][opt10032_req][opt10032][1][][0][1713]
2026/05/13,20:45:49,U,[000921][-1][   1]Data A[34][2] [5002][opt10032_req][opt10032][1][][0][1713]
2026/05/13,20:45:56,U,[000521][-1][   1]Data A[35][2] [5003][opt10032_req][opt10032][1][][0][1713]
2026/05/13,20:46:01,U,[000345][-1][   1]Data A[36][2] [5004][opt10032_req][opt10032][1][][0][1713]
2026/05/13,20:46:01,U,[000666][-1][   1]Data A[37][2] [5005][opt10032_req][opt10032][1][][0][1713]
2026/05/13,20:46:01,U,[000898][-1][   1]Data A[38][2] [5006][opt10032_req][opt10032][1][][0][1713]
2026/05/13,20:46:04,U,[000123][-1][   0] 사용자가 소켓 연결 해제 CommTerminate
2026/05/13,20:46:08,U,[000683][ 1][   1]로그인창 실행 [C:\OpenAPI\opstarter.exe]
2026/05/13,20:46:17,U,[000364][-1][   1]로그인 준비
2026/05/13,20:46:17,U,[000364][-1][   1]로그인 설정읽기 - 1/2단계
2026/05/13,20:46:17,U,[000365][-1][   1]로그인 설정읽기 - 2/2단계
2026/05/13,20:46:17,U,[000365][-1][   1]로그인 시작
2026/05/13,20:55:33,U,[000732][ 1][   1]로그인창 실행 [C:\OpenAPI\opstarter.exe]
2026/05/13,20:55:38,U,[000718][-1][   1]로그인 준비
2026/05/13,20:55:38,U,[000718][-1][   1]로그인 설정읽기 - 1/2단계
2026/05/13,20:55:38,U,[000718][-1][   1]로그인 설정읽기 - 2/2단계
2026/05/13,20:55:38,U,[000719][-1][   1]로그인 시작
2026/05/13,21:06:37,U,[000641][ 1][   1]로그인창 실행 [C:\OpenAPI\opstarter.exe]
2026/05/13,21:06:42,U,[000835][-1][   1]로그인 준비
2026/05/13,21:06:42,U,[000835][-1][   1]로그인 설정읽기 - 1/2단계
2026/05/13,21:06:42,U,[000835][-1][   1]로그인 설정읽기 - 2/2단계
2026/05/13,21:06:42,U,[000836][-1][   1]로그인 시작
2026/05/13,21:14:20,U,[000439][ 1][   1]로그인창 실행 [C:\OpenAPI\opstarter.exe]
2026/05/13,21:14:34,U,[000575][-1][   1]Data A[33][2] [5001][opt10032_req][opt10032][1][][0][1713]
2026/05/13,21:14:35,U,[000565][-1][   1]Data A[34][2] [5002][opt10032_req][opt10032][1][][0][1713]
2026/05/13,21:14:38,U,[000538][-1][   1]Data A[35][2] [5003][opt10032_req][opt10032][1][][0][1713]
2026/05/13,21:14:42,U,[000644][-1][   0] 사용자가 소켓 연결 해제 CommTerminate
2026/05/13,21:14:45,U,[000679][ 1][   1]로그인창 실행 [C:\OpenAPI\opstarter.exe]
2026/05/13,21:14:50,U,[000783][-1][   1]로그인 준비
2026/05/13,21:14:50,U,[000783][-1][   1]로그인 설정읽기 - 1/2단계
2026/05/13,21:14:50,U,[000783][-1][   1]로그인 설정읽기 - 2/2단계
2026/05/13,21:14:50,U,[000784][-1][   1]로그인 시작
2026/05/13,21:25:45,U,[000164][ 1][   1]로그인창 실행 [C:\OpenAPI\opstarter.exe]
2026/05/13,21:25:50,U,[000271][-1][   1]로그인 준비
2026/05/13,21:25:50,U,[000271][-1][   1]로그인 설정읽기 - 1/2단계
2026/05/13,21:25:50,U,[000271][-1][   1]로그인 설정읽기 - 2/2단계
2026/05/13,21:25:50,U,[000273][-1][   1]로그인 시작
2026/05/13,21:36:44,U,[000910][ 1][   1]로그인창 실행 [C:\OpenAPI\opstarter.exe]
2026/05/13,21:36:50,U,[000210][-1][   1]로그인 준비
2026/05/13,21:36:50,U,[000210][-1][   1]로그인 설정읽기 - 1/2단계
2026/05/13,21:36:50,U,[000210][-1][   1]로그인 설정읽기 - 2/2단계
2026/05/13,21:36:50,U,[000211][-1][   1]로그인 시작
2026/05/13,21:59:09,U,[000674][ 1][   1]로그인창 실행 [C:\OpenAPI\opstarter.exe]
2026/05/13,21:59:14,U,[000503][-1][   1]로그인 준비
2026/05/13,21:59:14,U,[000504][-1][   1]로그인 설정읽기 - 1/2단계
2026/05/13,21:59:14,U,[000504][-1][   1]로그인 설정읽기 - 2/2단계
2026/05/13,21:59:14,U,[000504][-1][   1]로그인 시작
2026/05/13,22:02:04,U,[000950][ 1][   1]로그인창 실행 [C:\OpenAPI\opstarter.exe]
2026/05/13,22:02:09,U,[000723][-1][   1]로그인 준비
2026/05/13,22:02:09,U,[000723][-1][   1]로그인 설정읽기 - 1/2단계
2026/05/13,22:02:09,U,[000723][-1][   1]로그인 설정읽기 - 2/2단계
2026/05/13,22:02:09,U,[000724][-1][   1]로그인 시작
2026/05/13,22:11:41,U,[000775][ 1][   1]로그인창 실행 [C:\OpenAPI\opstarter.exe]
2026/05/13,22:11:46,U,[000853][-1][   1]로그인 준비
2026/05/13,22:11:46,U,[000854][-1][   1]로그인 설정읽기 - 1/2단계
2026/05/13,22:11:46,U,[000854][-1][   1]로그인 설정읽기 - 2/2단계
2026/05/13,22:11:46,U,[000855][-1][   1]로그인 시작
2026/05/13,22:17:20,U,[000034][ 1][   1]로그인창 실행 [C:\OpenAPI\opstarter.exe]
2026/05/13,22:17:25,U,[000229][-1][   1]로그인 준비
2026/05/13,22:17:25,U,[000230][-1][   1]로그인 설정읽기 - 1/2단계
2026/05/13,22:17:25,U,[000230][-1][   1]로그인 설정읽기 - 2/2단계
2026/05/13,22:17:25,U,[000231][-1][   1]로그인 시작
2026/05/13,22:30:01,U,[000573][ 1][   1]로그인창 실행 [C:\OpenAPI\opstarter.exe]
2026/05/13,22:30:06,U,[000727][-1][   1]로그인 준비
2026/05/13,22:30:06,U,[000727][-1][   1]로그인 설정읽기 - 1/2단계
2026/05/13,22:30:06,U,[000727][-1][   1]로그인 설정읽기 - 2/2단계
2026/05/13,22:30:06,U,[000728][-1][   1]로그인 시작
2026/05/13,22:50:35,U,[000586][ 1][   1]로그인창 실행 [C:\OpenAPI\opstarter.exe]
2026/05/13,22:50:42,U,[000100][-1][   1]로그인 준비
2026/05/13,22:50:42,U,[000100][-1][   1]로그인 설정읽기 - 1/2단계
2026/05/13,22:50:42,U,[000101][-1][   1]로그인 설정읽기 - 2/2단계
2026/05/13,22:50:42,U,[000101][-1][   1]로그인 시작
2026/05/13,22:58:58,U,[000692][ 1][   1]로그인창 실행 [C:\OpenAPI\opstarter.exe]
2026/05/13,22:59:03,U,[000839][-1][   1]로그인 준비
2026/05/13,22:59:03,U,[000839][-1][   1]로그인 설정읽기 - 1/2단계
2026/05/13,22:59:03,U,[000840][-1][   1]로그인 설정읽기 - 2/2단계
2026/05/13,22:59:03,U,[000840][-1][   1]로그인 시작
2026/05/13,23:04:01,U,[000000][ 1][   1]로그인창 실행 [C:\OpenAPI\opstarter.exe]
2026/05/13,23:04:06,U,[000458][-1][   1]로그인 준비
2026/05/13,23:04:06,U,[000458][-1][   1]로그인 설정읽기 - 1/2단계
2026/05/13,23:04:06,U,[000459][-1][   1]로그인 설정읽기 - 2/2단계
2026/05/13,23:04:06,U,[000459][-1][   1]로그인 시작
2026/05/13,23:09:18,U,[000687][ 1][   1]로그인창 실행 [C:\OpenAPI\opstarter.exe]
2026/05/13,23:09:23,U,[000503][-1][   1]로그인 준비
2026/05/13,23:09:23,U,[000503][-1][   1]로그인 설정읽기 - 1/2단계
2026/05/13,23:09:23,U,[000503][-1][   1]로그인 설정읽기 - 2/2단계
2026/05/13,23:09:23,U,[000505][-1][   1]로그인 시작
