2026/05/18,07:39:43,U,[000637][ 1][   1]로그인창 실행 [C:\OpenAPI\opstarter.exe]
2026/05/18,07:39:55,U,[000399][-1][   1]로그인 준비
2026/05/18,07:39:55,U,[000400][-1][   1]로그인 설정읽기 - 1/2단계
2026/05/18,07:39:55,U,[000400][-1][   1]로그인 설정읽기 - 2/2단계
2026/05/18,07:39:55,U,[000401][-1][   1]로그인 시작
2026/05/18,11:22:49,U,[000251][ 1][   1]로그인창 실행 [C:\OpenAPI\opstarter.exe]
2026/05/18,11:23:00,U,[000447][-1][   1]로그인 준비
2026/05/18,11:23:00,U,[000448][-1][   1]로그인 설정읽기 - 1/2단계
2026/05/18,11:23:00,U,[000448][-1][   1]로그인 설정읽기 - 2/2단계
2026/05/18,11:23:00,U,[000449][-1][   1]로그인 시작
2026/05/18,11:37:24,U,[000171][ 1][   1]로그인창 실행 [C:\OpenAPI\opstarter.exe]
2026/05/18,11:37:29,U,[000259][-1][   1]로그인 준비
2026/05/18,11:37:29,U,[000259][-1][   1]로그인 설정읽기 - 1/2단계
2026/05/18,11:37:29,U,[000259][-1][   1]로그인 설정읽기 - 2/2단계
2026/05/18,11:37:29,U,[000261][-1][   1]로그인 시작
2026/05/18,11:53:20,U,[000372][ 1][   1]로그인창 실행 [C:\OpenAPI\opstarter.exe]
2026/05/18,11:53:25,U,[000605][-1][   1]로그인 준비
2026/05/18,11:53:25,U,[000605][-1][   1]로그인 설정읽기 - 1/2단계
2026/05/18,11:53:25,U,[000607][-1][   1]로그인 설정읽기 - 2/2단계
2026/05/18,11:53:25,U,[000607][-1][   1]로그인 시작
2026/05/18,12:07:02,U,[000893][ 1][   1]로그인창 실행 [C:\OpenAPI\opstarter.exe]
2026/05/18,12:07:13,U,[000218][-1][   1]로그인 준비
2026/05/18,12:07:13,U,[000218][-1][   1]로그인 설정읽기 - 1/2단계
2026/05/18,12:07:13,U,[000218][-1][   1]로그인 설정읽기 - 2/2단계
2026/05/18,12:07:13,U,[000219][-1][   1]로그인 시작
2026/05/18,12:14:08,U,[000376][ 1][   1]로그인창 실행 [C:\OpenAPI\opstarter.exe]
2026/05/18,12:14:18,U,[000873][-1][   1]로그인 준비
2026/05/18,12:14:18,U,[000875][-1][   1]로그인 설정읽기 - 1/2단계
2026/05/18,12:14:18,U,[000875][-1][   1]로그인 설정읽기 - 2/2단계
2026/05/18,12:14:18,U,[000876][-1][   1]로그인 시작
2026/05/18,12:21:25,U,[000854][ 1][   1]로그인창 실행 [C:\OpenAPI\opstarter.exe]
2026/05/18,12:21:36,U,[000473][-1][   1]로그인 준비
2026/05/18,12:21:36,U,[000474][-1][   1]로그인 설정읽기 - 1/2단계
2026/05/18,12:21:36,U,[000474][-1][   1]로그인 설정읽기 - 2/2단계
2026/05/18,12:21:36,U,[000474][-1][   1]로그인 시작
2026/05/18,12:39:41,U,[000634][ 1][   1]로그인창 실행 [C:\OpenAPI\opstarter.exe]
2026/05/18,12:39:46,U,[000306][-1][   1]로그인 준비
2026/05/18,12:39:46,U,[000306][-1][   1]로그인 설정읽기 - 1/2단계
2026/05/18,12:39:46,U,[000307][-1][   1]로그인 설정읽기 - 2/2단계
2026/05/18,12:39:46,U,[000307][-1][   1]로그인 시작
2026/05/18,12:53:04,U,[000581][ 1][   1]로그인창 실행 [C:\OpenAPI\opstarter.exe]
2026/05/18,12:53:15,U,[000300][-1][   1]로그인 준비
2026/05/18,12:53:15,U,[000300][-1][   1]로그인 설정읽기 - 1/2단계
2026/05/18,12:53:15,U,[000301][-1][   1]로그인 설정읽기 - 2/2단계
2026/05/18,12:53:15,U,[000301][-1][   1]로그인 시작
2026/05/18,13:19:24,U,[000526][ 1][   1]로그인창 실행 [C:\OpenAPI\opstarter.exe]
2026/05/18,13:19:34,U,[000718][-1][   1]로그인 준비
2026/05/18,13:19:34,U,[000718][-1][   1]로그인 설정읽기 - 1/2단계
2026/05/18,13:19:34,U,[000718][-1][   1]로그인 설정읽기 - 2/2단계
2026/05/18,13:19:34,U,[000719][-1][   1]로그인 시작
2026/05/18,14:31:49,U,[000001][ 1][   1]로그인창 실행 [C:\OpenAPI\opstarter.exe]
2026/05/18,14:31:59,U,[000505][-1][   1]로그인 준비
2026/05/18,14:31:59,U,[000505][-1][   1]로그인 설정읽기 - 1/2단계
2026/05/18,14:31:59,U,[000505][-1][   1]로그인 설정읽기 - 2/2단계
2026/05/18,14:31:59,U,[000506][-1][   1]로그인 시작
2026/05/18,16:54:30,U,[000794][ 1][   1]로그인창 실행 [C:\OpenAPI\opstarter.exe]
2026/05/18,16:54:43,U,[000452][-1][   1]로그인 준비
2026/05/18,16:54:43,U,[000453][-1][   1]로그인 설정읽기 - 1/2단계
2026/05/18,16:54:43,U,[000453][-1][   1]로그인 설정읽기 - 2/2단계
2026/05/18,16:54:43,U,[000454][-1][   1]로그인 시작
2026/05/18,17:40:31,U,[000363][ 1][   1]로그인창 실행 [C:\OpenAPI\opstarter.exe]
2026/05/18,17:40:41,U,[000944][-1][   1]로그인 준비
2026/05/18,17:40:41,U,[000945][-1][   1]로그인 설정읽기 - 1/2단계
2026/05/18,17:40:41,U,[000945][-1][   1]로그인 설정읽기 - 2/2단계
2026/05/18,17:40:41,U,[000946][-1][   1]로그인 시작
2026/05/18,17:52:33,U,[000394][ 1][   1]로그인창 실행 [C:\OpenAPI\opstarter.exe]
2026/05/18,17:52:43,U,[000976][-1][   1]로그인 준비
2026/05/18,17:52:43,U,[000977][-1][   1]로그인 설정읽기 - 1/2단계
2026/05/18,17:52:43,U,[000977][-1][   1]로그인 설정읽기 - 2/2단계
2026/05/18,17:52:43,U,[000978][-1][   1]로그인 시작
2026/05/18,21:32:21,U,WASRecv SOCKET_ERROR...ERRORCODE=[10053]
2026/05/18,21:35:21,U,[000219][ 1][   1]로그인창 실행 [C:\OpenAPI\opstarter.exe]
2026/05/18,21:35:32,U,[000205][-1][   1]로그인 준비
2026/05/18,21:35:32,U,[000206][-1][   1]로그인 설정읽기 - 1/2단계
2026/05/18,21:35:32,U,[000206][-1][   1]로그인 설정읽기 - 2/2단계
2026/05/18,21:35:32,U,[000207][-1][   1]로그인 시작
2026/05/18,22:11:53,U,[000481][ 1][   1]로그인창 실행 [C:\OpenAPI\opstarter.exe]
2026/05/18,22:12:03,U,[000802][-1][   1]로그인 준비
2026/05/18,22:12:03,U,[000803][-1][   1]로그인 설정읽기 - 1/2단계
2026/05/18,22:12:03,U,[000803][-1][   1]로그인 설정읽기 - 2/2단계
2026/05/18,22:12:03,U,[000804][-1][   1]로그인 시작
2026/05/18,22:27:01,U,[000508][ 1][   1]로그인창 실행 [C:\OpenAPI\opstarter.exe]
2026/05/18,22:27:12,U,[000115][-1][   1]로그인 준비
2026/05/18,22:27:12,U,[000115][-1][   1]로그인 설정읽기 - 1/2단계
2026/05/18,22:27:12,U,[000116][-1][   1]로그인 설정읽기 - 2/2단계
2026/05/18,22:27:12,U,[000116][-1][   1]로그인 시작
2026/05/18,22:39:44,U,[000322][ 1][   1]로그인창 실행 [C:\OpenAPI\opstarter.exe]
2026/05/18,22:39:49,U,[000508][-1][   1]로그인 준비
2026/05/18,22:39:49,U,[000508][-1][   1]로그인 설정읽기 - 1/2단계
2026/05/18,22:39:49,U,[000509][-1][   1]로그인 설정읽기 - 2/2단계
2026/05/18,22:39:49,U,[000509][-1][   1]로그인 시작
2026/05/18,23:04:48,U,[000326][ 1][   1]로그인창 실행 [C:\OpenAPI\opstarter.exe]
2026/05/18,23:04:59,U,[000314][-1][   1]로그인 준비
2026/05/18,23:04:59,U,[000315][-1][   1]로그인 설정읽기 - 1/2단계
2026/05/18,23:04:59,U,[000315][-1][   1]로그인 설정읽기 - 2/2단계
2026/05/18,23:04:59,U,[000316][-1][   1]로그인 시작
2026/05/18,23:05:21,U,[000778][ 1][   1]로그인창 실행 [C:\OpenAPI\opstarter.exe]
2026/05/18,23:05:27,U,[000672][-1][   1]로그인 준비
2026/05/18,23:05:27,U,[000672][-1][   1]로그인 설정읽기 - 1/2단계
2026/05/18,23:05:27,U,[000672][-1][   1]로그인 설정읽기 - 2/2단계
2026/05/18,23:05:27,U,[000673][-1][   1]로그인 시작
2026/05/18,23:10:49,U,[000976][ 1][   1]로그인창 실행 [C:\OpenAPI\opstarter.exe]
2026/05/18,23:11:00,U,[000704][-1][   1]로그인 준비
2026/05/18,23:11:00,U,[000704][-1][   1]로그인 설정읽기 - 1/2단계
2026/05/18,23:11:00,U,[000705][-1][   1]로그인 설정읽기 - 2/2단계
2026/05/18,23:11:00,U,[000706][-1][   1]로그인 시작
2026/05/18,23:18:31,U,[000588][ 1][   1]로그인창 실행 [C:\OpenAPI\opstarter.exe]
2026/05/18,23:18:42,U,[000543][-1][   1]로그인 준비
2026/05/18,23:18:42,U,[000543][-1][   1]로그인 설정읽기 - 1/2단계
2026/05/18,23:18:42,U,[000543][-1][   1]로그인 설정읽기 - 2/2단계
2026/05/18,23:18:42,U,[000543][-1][   1]로그인 시작
2026/05/18,23:29:31,U,[000314][ 1][   1]로그인창 실행 [C:\OpenAPI\opstarter.exe]
2026/05/18,23:29:41,U,[000893][-1][   1]로그인 준비
2026/05/18,23:29:41,U,[000893][-1][   1]로그인 설정읽기 - 1/2단계
2026/05/18,23:29:41,U,[000894][-1][   1]로그인 설정읽기 - 2/2단계
2026/05/18,23:29:41,U,[000894][-1][   1]로그인 시작
2026/05/18,23:36:15,U,[000018][ 1][   1]로그인창 실행 [C:\OpenAPI\opstarter.exe]
2026/05/18,23:36:20,U,[000214][-1][   1]로그인 준비
2026/05/18,23:36:20,U,[000214][-1][   1]로그인 설정읽기 - 1/2단계
2026/05/18,23:36:20,U,[000214][-1][   1]로그인 설정읽기 - 2/2단계
2026/05/18,23:36:20,U,[000216][-1][   1]로그인 시작
2026/05/18,23:42:54,U,[000568][ 1][   1]로그인창 실행 [C:\OpenAPI\opstarter.exe]
2026/05/18,23:43:29,U,[000379][-1][   0] 사용자가 소켓 연결 해제 CommTerminate
2026/05/18,23:43:29,U,[000954][ 1][   1]로그인창 실행 [C:\OpenAPI\opstarter.exe]
2026/05/18,23:43:35,U,[000219][-1][   1]로그인 준비
2026/05/18,23:43:35,U,[000220][-1][   1]로그인 설정읽기 - 1/2단계
2026/05/18,23:43:35,U,[000220][-1][   1]로그인 설정읽기 - 2/2단계
2026/05/18,23:43:35,U,[000221][-1][   1]로그인 시작
2026/05/18,23:46:11,U,[000521][ 1][   1]로그인창 실행 [C:\OpenAPI\opstarter.exe]
2026/05/18,23:46:22,U,[000778][-1][   1]로그인 준비
2026/05/18,23:46:22,U,[000778][-1][   1]로그인 설정읽기 - 1/2단계
2026/05/18,23:46:22,U,[000778][-1][   1]로그인 설정읽기 - 2/2단계
2026/05/18,23:46:22,U,[000779][-1][   1]로그인 시작
2026/05/18,23:48:28,U,[000977][ 1][   1]로그인창 실행 [C:\OpenAPI\opstarter.exe]
2026/05/18,23:48:39,U,[000554][-1][   1]로그인 준비
2026/05/18,23:48:39,U,[000554][-1][   1]로그인 설정읽기 - 1/2단계
2026/05/18,23:48:39,U,[000554][-1][   1]로그인 설정읽기 - 2/2단계
2026/05/18,23:48:39,U,[000555][-1][   1]로그인 시작
2026/05/18,23:50:41,U,[000190][ 1][   1]로그인창 실행 [C:\OpenAPI\opstarter.exe]
2026/05/18,23:50:56,U,[000819][-1][   1]로그인 준비
2026/05/18,23:50:56,U,[000819][-1][   1]로그인 설정읽기 - 1/2단계
2026/05/18,23:50:56,U,[000819][-1][   1]로그인 설정읽기 - 2/2단계
2026/05/18,23:50:56,U,[000820][-1][   1]로그인 시작
2026/05/18,23:53:56,U,[000876][ 1][   1]로그인창 실행 [C:\OpenAPI\opstarter.exe]
2026/05/18,23:54:01,U,[000588][-1][   1]로그인 준비
2026/05/18,23:54:01,U,[000588][-1][   1]로그인 설정읽기 - 1/2단계
2026/05/18,23:54:01,U,[000588][-1][   1]로그인 설정읽기 - 2/2단계
2026/05/18,23:54:01,U,[000589][-1][   1]로그인 시작
