2026/05/16,07:04:41,U,WASRecv SOCKET_ERROR...ERRORCODE=[10053]
2026/05/16,07:06:54,U,[000337][ 1][   1]로그인창 실행 [C:\OpenAPI\opstarter.exe]
2026/05/16,07:20:47,U,[000103][-1][   0] 사용자가 소켓 연결 해제 CommTerminate
2026/05/16,07:20:51,U,[000221][ 1][   1]로그인창 실행 [C:\OpenAPI\opstarter.exe]
2026/05/16,07:21:37,U,[000248][-1][   1]로그인 준비
2026/05/16,07:21:37,U,[000248][-1][   1]로그인 설정읽기 - 1/2단계
2026/05/16,07:21:37,U,[000248][-1][   1]로그인 설정읽기 - 2/2단계
2026/05/16,07:21:37,U,[000249][-1][   1]로그인 시작
2026/05/16,07:23:23,U,[000969][ 1][   1]로그인창 실행 [C:\OpenAPI\opstarter.exe]
2026/05/16,07:23:34,U,[000355][-1][   1]로그인 준비
2026/05/16,07:23:34,U,[000356][-1][   1]로그인 설정읽기 - 1/2단계
2026/05/16,07:23:34,U,[000356][-1][   1]로그인 설정읽기 - 2/2단계
2026/05/16,07:23:34,U,[000356][-1][   1]로그인 시작
2026/05/16,07:24:21,U,[000441][ 1][   1]로그인창 실행 [C:\OpenAPI\opstarter.exe]
2026/05/16,07:24:26,U,[000350][-1][   1]로그인 준비
2026/05/16,07:24:26,U,[000350][-1][   1]로그인 설정읽기 - 1/2단계
2026/05/16,07:24:26,U,[000350][-1][   1]로그인 설정읽기 - 2/2단계
2026/05/16,07:24:26,U,[000351][-1][   1]로그인 시작
2026/05/16,07:25:51,U,[000184][ 1][   1]로그인창 실행 [C:\OpenAPI\opstarter.exe]
2026/05/16,07:25:55,U,[000940][-1][   1]로그인 준비
2026/05/16,07:25:55,U,[000940][-1][   1]로그인 설정읽기 - 1/2단계
2026/05/16,07:25:55,U,[000941][-1][   1]로그인 설정읽기 - 2/2단계
2026/05/16,07:25:55,U,[000941][-1][   1]로그인 시작
2026/05/16,07:27:05,U,[000018][ 1][   1]로그인창 실행 [C:\OpenAPI\opstarter.exe]
2026/05/16,07:27:15,U,[000556][-1][   1]로그인 준비
2026/05/16,07:27:15,U,[000556][-1][   1]로그인 설정읽기 - 1/2단계
2026/05/16,07:27:15,U,[000557][-1][   1]로그인 설정읽기 - 2/2단계
2026/05/16,07:27:15,U,[000557][-1][   1]로그인 시작
2026/05/16,07:29:35,U,[000289][ 1][   1]로그인창 실행 [C:\OpenAPI\opstarter.exe]
2026/05/16,07:29:40,U,[000077][-1][   1]로그인 준비
2026/05/16,07:29:40,U,[000077][-1][   1]로그인 설정읽기 - 1/2단계
2026/05/16,07:29:40,U,[000077][-1][   1]로그인 설정읽기 - 2/2단계
2026/05/16,07:29:40,U,[000078][-1][   1]로그인 시작
2026/05/16,07:30:07,U,[000419][ 1][   1]로그인창 실행 [C:\OpenAPI\opstarter.exe]
2026/05/16,07:30:13,U,[000689][-1][   1]로그인 준비
2026/05/16,07:30:13,U,[000689][-1][   1]로그인 설정읽기 - 1/2단계
2026/05/16,07:30:13,U,[000690][-1][   1]로그인 설정읽기 - 2/2단계
2026/05/16,07:30:13,U,[000690][-1][   1]로그인 시작
2026/05/16,07:30:35,U,[000382][ 1][   1]로그인창 실행 [C:\OpenAPI\opstarter.exe]
2026/05/16,07:30:40,U,[000238][-1][   1]로그인 준비
2026/05/16,07:30:40,U,[000238][-1][   1]로그인 설정읽기 - 1/2단계
2026/05/16,07:30:40,U,[000239][-1][   1]로그인 설정읽기 - 2/2단계
2026/05/16,07:30:40,U,[000239][-1][   1]로그인 시작
2026/05/16,07:30:55,U,[000897][ 1][   1]로그인창 실행 [C:\OpenAPI\opstarter.exe]
2026/05/16,07:31:06,U,[000214][-1][   1]로그인 준비
2026/05/16,07:31:06,U,[000215][-1][   1]로그인 설정읽기 - 1/2단계
2026/05/16,07:31:06,U,[000215][-1][   1]로그인 설정읽기 - 2/2단계
2026/05/16,07:31:06,U,[000216][-1][   1]로그인 시작
2026/05/16,07:32:14,U,[000648][ 1][   1]로그인창 실행 [C:\OpenAPI\opstarter.exe]
2026/05/16,07:32:25,U,[000006][-1][   1]로그인 준비
2026/05/16,07:32:25,U,[000007][-1][   1]로그인 설정읽기 - 1/2단계
2026/05/16,07:32:25,U,[000007][-1][   1]로그인 설정읽기 - 2/2단계
2026/05/16,07:32:25,U,[000008][-1][   1]로그인 시작
2026/05/16,07:35:10,U,[000695][ 1][   1]로그인창 실행 [C:\OpenAPI\opstarter.exe]
2026/05/16,07:35:15,U,[000124][-1][   1]로그인 준비
2026/05/16,07:35:15,U,[000124][-1][   1]로그인 설정읽기 - 1/2단계
2026/05/16,07:35:15,U,[000124][-1][   1]로그인 설정읽기 - 2/2단계
2026/05/16,07:35:15,U,[000125][-1][   1]로그인 시작
2026/05/16,07:35:42,U,[000867][ 1][   1]로그인창 실행 [C:\OpenAPI\opstarter.exe]
2026/05/16,07:36:12,U,[000627][-1][   1]로그인 준비
2026/05/16,07:36:12,U,[000627][-1][   1]로그인 설정읽기 - 1/2단계
2026/05/16,07:36:12,U,[000628][-1][   1]로그인 설정읽기 - 2/2단계
2026/05/16,07:36:12,U,[000628][-1][   1]로그인 시작
2026/05/16,07:37:02,U,[000297][ 1][   1]로그인창 실행 [C:\OpenAPI\opstarter.exe]
2026/05/16,07:37:06,U,[000549][-1][   1]로그인 준비
2026/05/16,07:37:06,U,[000549][-1][   1]로그인 설정읽기 - 1/2단계
2026/05/16,07:37:06,U,[000549][-1][   1]로그인 설정읽기 - 2/2단계
2026/05/16,07:37:06,U,[000550][-1][   1]로그인 시작
2026/05/16,07:39:20,U,[000650][ 1][   1]로그인창 실행 [C:\OpenAPI\opstarter.exe]
2026/05/16,07:39:31,U,[000067][-1][   1]로그인 준비
2026/05/16,07:39:31,U,[000068][-1][   1]로그인 설정읽기 - 1/2단계
2026/05/16,07:39:31,U,[000068][-1][   1]로그인 설정읽기 - 2/2단계
2026/05/16,07:39:31,U,[000068][-1][   1]로그인 시작
2026/05/16,07:52:00,U,[000645][ 1][   1]로그인창 실행 [C:\OpenAPI\opstarter.exe]
2026/05/16,07:52:05,U,[000583][-1][   1]로그인 준비
2026/05/16,07:52:05,U,[000583][-1][   1]로그인 설정읽기 - 1/2단계
2026/05/16,07:52:05,U,[000583][-1][   1]로그인 설정읽기 - 2/2단계
2026/05/16,07:52:05,U,[000584][-1][   1]로그인 시작
2026/05/16,09:32:49,U,[000196][ 1][   1]로그인창 실행 [C:\OpenAPI\opstarter.exe]
2026/05/16,09:33:00,U,[000223][-1][   1]로그인 준비
2026/05/16,09:33:00,U,[000223][-1][   1]로그인 설정읽기 - 1/2단계
2026/05/16,09:33:00,U,[000224][-1][   1]로그인 설정읽기 - 2/2단계
2026/05/16,09:33:00,U,[000224][-1][   1]로그인 시작
2026/05/16,09:39:02,U,[000597][ 1][   1]로그인창 실행 [C:\OpenAPI\opstarter.exe]
2026/05/16,09:39:13,U,[000517][-1][   1]로그인 준비
2026/05/16,09:39:13,U,[000517][-1][   1]로그인 설정읽기 - 1/2단계
2026/05/16,09:39:13,U,[000518][-1][   1]로그인 설정읽기 - 2/2단계
2026/05/16,09:39:13,U,[000518][-1][   1]로그인 시작
2026/05/16,09:40:12,U,[000560][ 1][   1]로그인창 실행 [C:\OpenAPI\opstarter.exe]
2026/05/16,09:40:16,U,[000946][-1][   0] 사용자가 소켓 연결 해제 CommTerminate
2026/05/16,09:40:18,U,[000957][ 1][   1]로그인창 실행 [C:\OpenAPI\opstarter.exe]
2026/05/16,09:40:23,U,[000566][-1][   1]로그인 준비
2026/05/16,09:40:23,U,[000566][-1][   1]로그인 설정읽기 - 1/2단계
2026/05/16,09:40:23,U,[000566][-1][   1]로그인 설정읽기 - 2/2단계
2026/05/16,09:40:23,U,[000567][-1][   1]로그인 시작
2026/05/16,09:40:39,U,[000646][ 1][   1]로그인창 실행 [C:\OpenAPI\opstarter.exe]
2026/05/16,09:40:44,U,[000516][-1][   1]로그인 준비
2026/05/16,09:40:44,U,[000516][-1][   1]로그인 설정읽기 - 1/2단계
2026/05/16,09:40:44,U,[000517][-1][   1]로그인 설정읽기 - 2/2단계
2026/05/16,09:40:44,U,[000517][-1][   1]로그인 시작
2026/05/16,09:47:08,U,[000400][ 1][   1]로그인창 실행 [C:\OpenAPI\opstarter.exe]
2026/05/16,09:47:18,U,[000964][-1][   1]로그인 준비
2026/05/16,09:47:18,U,[000964][-1][   1]로그인 설정읽기 - 1/2단계
2026/05/16,09:47:18,U,[000965][-1][   1]로그인 설정읽기 - 2/2단계
2026/05/16,09:47:18,U,[000965][-1][   1]로그인 시작
2026/05/16,10:06:52,U,[000538][ 1][   1]로그인창 실행 [C:\OpenAPI\opstarter.exe]
2026/05/16,10:07:03,U,[000504][-1][   1]로그인 준비
2026/05/16,10:07:03,U,[000505][-1][   1]로그인 설정읽기 - 1/2단계
2026/05/16,10:07:03,U,[000505][-1][   1]로그인 설정읽기 - 2/2단계
2026/05/16,10:07:03,U,[000506][-1][   1]로그인 시작
2026/05/16,11:40:42,U,WASRecv SOCKET_ERROR...ERRORCODE=[10060]
