2026/05/17,05:26:18,U,[000369][ 1][   1]로그인창 실행 [C:\OpenAPI\opstarter.exe]
2026/05/17,05:26:29,U,[000349][-1][   1]로그인 준비
2026/05/17,05:26:29,U,[000349][-1][   1]로그인 설정읽기 - 1/2단계
2026/05/17,05:26:29,U,[000350][-1][   1]로그인 설정읽기 - 2/2단계
2026/05/17,05:26:29,U,[000350][-1][   1]로그인 시작
2026/05/17,06:46:31,U,[000308][ 1][   1]로그인창 실행 [C:\OpenAPI\opstarter.exe]
2026/05/17,06:46:36,U,[000214][-1][   1]로그인 준비
2026/05/17,06:46:36,U,[000214][-1][   1]로그인 설정읽기 - 1/2단계
2026/05/17,06:46:36,U,[000215][-1][   1]로그인 설정읽기 - 2/2단계
2026/05/17,06:46:36,U,[000215][-1][   1]로그인 시작
2026/05/17,06:53:05,U,[000596][ 1][   1]로그인창 실행 [C:\OpenAPI\opstarter.exe]
2026/05/17,06:53:15,U,[000996][-1][   1]로그인 준비
2026/05/17,06:53:15,U,[000996][-1][   1]로그인 설정읽기 - 1/2단계
2026/05/17,06:53:15,U,[000997][-1][   1]로그인 설정읽기 - 2/2단계
2026/05/17,06:53:15,U,[000997][-1][   1]로그인 시작
2026/05/17,07:27:55,U,[000431][ 1][   1]로그인창 실행 [C:\OpenAPI\opstarter.exe]
2026/05/17,07:28:06,U,[000293][-1][   1]로그인 준비
2026/05/17,07:28:06,U,[000293][-1][   1]로그인 설정읽기 - 1/2단계
2026/05/17,07:28:06,U,[000294][-1][   1]로그인 설정읽기 - 2/2단계
2026/05/17,07:28:06,U,[000294][-1][   1]로그인 시작
2026/05/17,07:36:36,U,[000701][ 1][   1]로그인창 실행 [C:\OpenAPI\opstarter.exe]
2026/05/17,07:36:41,U,[000489][-1][   1]로그인 준비
2026/05/17,07:36:41,U,[000489][-1][   1]로그인 설정읽기 - 1/2단계
2026/05/17,07:36:41,U,[000489][-1][   1]로그인 설정읽기 - 2/2단계
2026/05/17,07:36:41,U,[000490][-1][   1]로그인 시작
2026/05/17,08:26:12,U,[000633][ 1][   1]로그인창 실행 [C:\OpenAPI\opstarter.exe]
2026/05/17,08:26:23,U,[000498][-1][   1]로그인 준비
2026/05/17,08:26:23,U,[000499][-1][   1]로그인 설정읽기 - 1/2단계
2026/05/17,08:26:23,U,[000499][-1][   1]로그인 설정읽기 - 2/2단계
2026/05/17,08:26:23,U,[000499][-1][   1]로그인 시작
2026/05/17,09:05:45,U,[000453][ 1][   1]로그인창 실행 [C:\OpenAPI\opstarter.exe]
2026/05/17,09:05:56,U,[000433][-1][   1]로그인 준비
2026/05/17,09:05:56,U,[000433][-1][   1]로그인 설정읽기 - 1/2단계
2026/05/17,09:05:56,U,[000434][-1][   1]로그인 설정읽기 - 2/2단계
2026/05/17,09:05:56,U,[000434][-1][   1]로그인 시작
2026/05/17,09:43:53,U,[000687][ 1][   1]로그인창 실행 [C:\OpenAPI\opstarter.exe]
2026/05/17,09:44:04,U,[000180][-1][   1]로그인 준비
2026/05/17,09:44:04,U,[000180][-1][   1]로그인 설정읽기 - 1/2단계
2026/05/17,09:44:04,U,[000181][-1][   1]로그인 설정읽기 - 2/2단계
2026/05/17,09:44:04,U,[000181][-1][   1]로그인 시작
2026/05/17,20:30:56,U,WASRecv SOCKET_ERROR...ERRORCODE=[10053]
2026/05/17,20:38:17,U,[000401][ 1][   1]로그인창 실행 [C:\OpenAPI\opstarter.exe]
2026/05/17,20:38:22,U,[000063][-1][   1]로그인 준비
2026/05/17,20:38:22,U,[000063][-1][   1]로그인 설정읽기 - 1/2단계
2026/05/17,20:38:22,U,[000063][-1][   1]로그인 설정읽기 - 2/2단계
2026/05/17,20:38:22,U,[000064][-1][   1]로그인 시작
2026/05/17,20:47:55,U,[000382][ 1][   1]로그인창 실행 [C:\OpenAPI\opstarter.exe]
2026/05/17,20:48:07,U,[000183][-1][   1]로그인 준비
2026/05/17,20:48:07,U,[000184][-1][   1]로그인 설정읽기 - 1/2단계
2026/05/17,20:48:07,U,[000184][-1][   1]로그인 설정읽기 - 2/2단계
2026/05/17,20:48:07,U,[000185][-1][   1]로그인 시작
2026/05/17,20:56:28,U,[000247][ 1][   1]로그인창 실행 [C:\OpenAPI\opstarter.exe]
2026/05/17,20:56:33,U,[000390][-1][   1]로그인 준비
2026/05/17,20:56:33,U,[000390][-1][   1]로그인 설정읽기 - 1/2단계
2026/05/17,20:56:33,U,[000390][-1][   1]로그인 설정읽기 - 2/2단계
2026/05/17,20:56:33,U,[000391][-1][   1]로그인 시작
2026/05/17,21:10:40,U,[000785][ 1][   1]로그인창 실행 [C:\OpenAPI\opstarter.exe]
2026/05/17,21:10:51,U,[000393][-1][   1]로그인 준비
2026/05/17,21:10:51,U,[000393][-1][   1]로그인 설정읽기 - 1/2단계
2026/05/17,21:10:51,U,[000393][-1][   1]로그인 설정읽기 - 2/2단계
2026/05/17,21:10:51,U,[000394][-1][   1]로그인 시작
2026/05/17,21:32:32,U,[000860][ 1][   1]로그인창 실행 [C:\OpenAPI\opstarter.exe]
2026/05/17,21:32:44,U,[000054][-1][   1]로그인 준비
2026/05/17,21:32:44,U,[000054][-1][   1]로그인 설정읽기 - 1/2단계
2026/05/17,21:32:44,U,[000054][-1][   1]로그인 설정읽기 - 2/2단계
2026/05/17,21:32:44,U,[000055][-1][   1]로그인 시작
2026/05/17,21:35:53,U,[000141][ 1][   1]로그인창 실행 [C:\OpenAPI\opstarter.exe]
2026/05/17,21:35:57,U,[000950][-1][   1]로그인 준비
2026/05/17,21:35:57,U,[000950][-1][   1]로그인 설정읽기 - 1/2단계
2026/05/17,21:35:57,U,[000951][-1][   1]로그인 설정읽기 - 2/2단계
2026/05/17,21:35:57,U,[000951][-1][   1]로그인 시작
2026/05/17,21:42:35,U,[000966][ 1][   1]로그인창 실행 [C:\OpenAPI\opstarter.exe]
2026/05/17,21:42:47,U,[000230][-1][   1]로그인 준비
2026/05/17,21:42:47,U,[000231][-1][   1]로그인 설정읽기 - 1/2단계
2026/05/17,21:42:47,U,[000231][-1][   1]로그인 설정읽기 - 2/2단계
2026/05/17,21:42:47,U,[000232][-1][   1]로그인 시작
2026/05/17,22:20:03,U,[000692][ 1][   1]로그인창 실행 [C:\OpenAPI\opstarter.exe]
2026/05/17,22:20:14,U,[000391][-1][   1]로그인 준비
2026/05/17,22:20:14,U,[000391][-1][   1]로그인 설정읽기 - 1/2단계
2026/05/17,22:20:14,U,[000392][-1][   1]로그인 설정읽기 - 2/2단계
2026/05/17,22:20:14,U,[000392][-1][   1]로그인 시작
2026/05/17,22:23:24,U,[000312][ 1][   1]로그인창 실행 [C:\OpenAPI\opstarter.exe]
2026/05/17,22:23:29,U,[000148][-1][   1]로그인 준비
2026/05/17,22:23:29,U,[000148][-1][   1]로그인 설정읽기 - 1/2단계
2026/05/17,22:23:29,U,[000148][-1][   1]로그인 설정읽기 - 2/2단계
2026/05/17,22:23:29,U,[000149][-1][   1]로그인 시작
2026/05/17,22:27:00,U,[000848][ 1][   1]로그인창 실행 [C:\OpenAPI\opstarter.exe]
2026/05/17,22:27:05,U,[000326][-1][   1]로그인 준비
2026/05/17,22:27:05,U,[000327][-1][   1]로그인 설정읽기 - 1/2단계
2026/05/17,22:27:05,U,[000327][-1][   1]로그인 설정읽기 - 2/2단계
2026/05/17,22:27:05,U,[000327][-1][   1]로그인 시작
2026/05/17,22:32:03,U,[000788][ 1][   1]로그인창 실행 [C:\OpenAPI\opstarter.exe]
2026/05/17,22:32:14,U,[000570][-1][   1]로그인 준비
2026/05/17,22:32:14,U,[000571][-1][   1]로그인 설정읽기 - 1/2단계
2026/05/17,22:32:14,U,[000571][-1][   1]로그인 설정읽기 - 2/2단계
2026/05/17,22:32:14,U,[000572][-1][   1]로그인 시작
2026/05/17,22:41:11,U,[000051][ 1][   1]로그인창 실행 [C:\OpenAPI\opstarter.exe]
2026/05/17,22:41:16,U,[000414][-1][   1]로그인 준비
2026/05/17,22:41:16,U,[000414][-1][   1]로그인 설정읽기 - 1/2단계
2026/05/17,22:41:16,U,[000414][-1][   1]로그인 설정읽기 - 2/2단계
2026/05/17,22:41:16,U,[000415][-1][   1]로그인 시작
2026/05/17,22:46:12,U,[000238][ 1][   1]로그인창 실행 [C:\OpenAPI\opstarter.exe]
2026/05/17,22:46:17,U,[000517][-1][   1]로그인 준비
2026/05/17,22:46:17,U,[000517][-1][   1]로그인 설정읽기 - 1/2단계
2026/05/17,22:46:17,U,[000517][-1][   1]로그인 설정읽기 - 2/2단계
2026/05/17,22:46:17,U,[000518][-1][   1]로그인 시작
2026/05/17,22:51:14,U,[000920][ 1][   1]로그인창 실행 [C:\OpenAPI\opstarter.exe]
2026/05/17,22:51:25,U,[000987][-1][   1]로그인 준비
2026/05/17,22:51:25,U,[000989][-1][   1]로그인 설정읽기 - 1/2단계
2026/05/17,22:51:25,U,[000989][-1][   1]로그인 설정읽기 - 2/2단계
2026/05/17,22:51:25,U,[000990][-1][   1]로그인 시작
2026/05/17,22:54:00,U,[000709][ 1][   1]로그인창 실행 [C:\OpenAPI\opstarter.exe]
2026/05/17,22:54:12,U,[000119][-1][   1]로그인 준비
2026/05/17,22:54:12,U,[000120][-1][   1]로그인 설정읽기 - 1/2단계
2026/05/17,22:54:12,U,[000120][-1][   1]로그인 설정읽기 - 2/2단계
2026/05/17,22:54:12,U,[000121][-1][   1]로그인 시작
2026/05/17,23:04:43,U,[000673][ 1][   1]로그인창 실행 [C:\OpenAPI\opstarter.exe]
2026/05/17,23:04:54,U,[000968][-1][   1]로그인 준비
2026/05/17,23:04:54,U,[000968][-1][   1]로그인 설정읽기 - 1/2단계
2026/05/17,23:04:54,U,[000969][-1][   1]로그인 설정읽기 - 2/2단계
2026/05/17,23:04:54,U,[000969][-1][   1]로그인 시작
2026/05/17,23:24:02,U,[000226][ 1][   1]로그인창 실행 [C:\OpenAPI\opstarter.exe]
2026/05/17,23:24:23,U,[000052][-1][   1]로그인 준비
2026/05/17,23:24:23,U,[000053][-1][   1]로그인 설정읽기 - 1/2단계
2026/05/17,23:24:23,U,[000053][-1][   1]로그인 설정읽기 - 2/2단계
2026/05/17,23:24:23,U,[000053][-1][   1]로그인 시작
2026/05/17,23:36:47,U,[000688][ 1][   1]로그인창 실행 [C:\OpenAPI\opstarter.exe]
2026/05/17,23:36:52,U,[000366][-1][   1]로그인 준비
2026/05/17,23:36:52,U,[000367][-1][   1]로그인 설정읽기 - 1/2단계
2026/05/17,23:36:52,U,[000367][-1][   1]로그인 설정읽기 - 2/2단계
2026/05/17,23:36:52,U,[000368][-1][   1]로그인 시작
2026/05/17,23:39:26,U,[000554][ 1][   1]로그인창 실행 [C:\OpenAPI\opstarter.exe]
2026/05/17,23:39:32,U,[000299][-1][   1]로그인 준비
2026/05/17,23:39:32,U,[000299][-1][   1]로그인 설정읽기 - 1/2단계
2026/05/17,23:39:32,U,[000300][-1][   1]로그인 설정읽기 - 2/2단계
2026/05/17,23:39:32,U,[000300][-1][   1]로그인 시작
2026/05/17,23:57:05,U,[000886][ 1][   1]로그인창 실행 [C:\OpenAPI\opstarter.exe]
2026/05/17,23:57:16,U,[000461][-1][   1]로그인 준비
2026/05/17,23:57:16,U,[000461][-1][   1]로그인 설정읽기 - 1/2단계
2026/05/17,23:57:16,U,[000462][-1][   1]로그인 설정읽기 - 2/2단계
2026/05/17,23:57:16,U,[000462][-1][   1]로그인 시작
