2026/05/11,12:04:34,U,[902][0] 로그인 완료
2026/05/11,12:04:34,U,[000155][-1][   2]ASTX Set [1][111]
2026/05/11,12:04:34,U,[000554][-1][   1]프로그램 실행 시작
2026/05/11,12:04:34,U,[000555][-1][   1]프로그램 설정읽기 - 1/2단계
2026/05/11,12:04:34,U,[000623][-1][   1]프로그램 설정읽기 - 2/2단계
2026/05/11,12:04:34,U,[000623][-1][   0]사용자 연결 완료
2026/05/11,12:04:34,U,[000623][-1][   1]Data A[35][49] [MAIN][RQNAME][PIIO9202][0][][0][10557]
2026/05/11,12:05:49,U,[000188][-1][   1]ASTX Proctect Edit Begin 1-1-0-1
2026/05/11,12:05:49,U,[000298][-1][   1]ASTX Proctect Edit 0 0x73096c
2026/05/11,12:09:50,U,통신이 종료되었습니다. [53][667]
2026/05/11,12:09:50,U,[000062][-1][-106]E_ 통신 연결이 끊겼습니다. 프로그램 종료후 재접속 해주시기 바랍니다. [53][7817]
2026/05/11,12:12:14,U,[000408][-1][   1]ASTX Proctect Edit Begin 1-1-0-1
2026/05/11,12:12:14,U,[000412][-1][   1]ASTX Proctect Edit 0 0x14084e
2026/05/11,12:16:54,U,[902][0] 로그인 완료
2026/05/11,12:16:54,U,[000735][-1][   2]ASTX Set [1][111]
2026/05/11,12:16:55,U,[000128][-1][   1]프로그램 실행 시작
2026/05/11,12:16:55,U,[000128][-1][   1]프로그램 설정읽기 - 1/2단계
2026/05/11,12:16:55,U,[000194][-1][   1]프로그램 설정읽기 - 2/2단계
2026/05/11,12:16:55,U,[000194][-1][   0]사용자 연결 완료
2026/05/11,12:16:55,U,[000194][-1][   1]Data A[35][49] [MAIN][RQNAME][PIIO9202][0][][0][10557]
2026/05/11,12:17:10,U,[902][0] 로그인 완료
2026/05/11,12:17:10,U,[000039][-1][   2]ASTX Set [1][111]
2026/05/11,12:17:10,U,[000436][-1][   1]프로그램 실행 시작
2026/05/11,12:17:10,U,[000437][-1][   1]프로그램 설정읽기 - 1/2단계
2026/05/11,12:17:10,U,[000503][-1][   1]프로그램 설정읽기 - 2/2단계
2026/05/11,12:17:10,U,[000503][-1][   0]사용자 연결 완료
2026/05/11,12:17:10,U,[000503][-1][   1]Data A[35][49] [MAIN][RQNAME][PIIO9202][0][][0][10557]
2026/05/11,12:17:20,U,[000439][-1][   0] 사용자가 소켓 연결 해제 CommTerminate
2026/05/11,12:17:36,U,[902][0] 로그인 완료
2026/05/11,12:17:36,U,[000986][-1][   2]ASTX Set [1][111]
2026/05/11,12:17:37,U,[000378][-1][   1]프로그램 실행 시작
2026/05/11,12:17:37,U,[000378][-1][   1]프로그램 설정읽기 - 1/2단계
2026/05/11,12:17:37,U,[000444][-1][   1]프로그램 설정읽기 - 2/2단계
2026/05/11,12:17:37,U,[000444][-1][   0]사용자 연결 완료
2026/05/11,12:17:37,U,[000444][-1][   1]Data A[35][49] [MAIN][RQNAME][PIIO9202][0][][0][10557]
2026/05/11,12:17:42,U,[000356][-1][   1]ASTX Proctect Edit Begin 1-1-0-1
2026/05/11,12:17:42,U,[000470][-1][   1]ASTX Proctect Edit 0 0x210bc0
2026/05/11,12:18:39,U,[000055][-1][   0] 사용자가 소켓 연결 해제 CommTerminate
2026/05/11,12:18:49,U,[902][0] 로그인 완료
2026/05/11,12:18:49,U,[000157][-1][   2]ASTX Set [1][111]
2026/05/11,12:18:49,U,[000554][-1][   1]프로그램 실행 시작
2026/05/11,12:18:49,U,[000554][-1][   1]프로그램 설정읽기 - 1/2단계
2026/05/11,12:18:49,U,[000620][-1][   1]프로그램 설정읽기 - 2/2단계
2026/05/11,12:18:49,U,[000621][-1][   0]사용자 연결 완료
2026/05/11,12:18:49,U,[000621][-1][   1]Data A[35][49] [MAIN][RQNAME][PIIO9202][0][][0][10557]
2026/05/11,12:20:50,U,[902][0] 로그인 완료
2026/05/11,12:20:50,U,[000958][-1][   2]ASTX Set [1][111]
2026/05/11,12:20:51,U,[000356][-1][   1]프로그램 실행 시작
2026/05/11,12:20:51,U,[000356][-1][   1]프로그램 설정읽기 - 1/2단계
2026/05/11,12:20:51,U,[000423][-1][   1]프로그램 설정읽기 - 2/2단계
2026/05/11,12:20:51,U,[000423][-1][   0]사용자 연결 완료
2026/05/11,12:20:51,U,[000424][-1][   1]Data A[35][49] [MAIN][RQNAME][PIIO9202][0][][0][10557]
2026/05/11,12:21:07,U,[000882][-1][   1]ASTX Proctect Edit Begin 1-1-0-1
2026/05/11,12:21:07,U,[000994][-1][   1]ASTX Proctect Edit 0 0x751c58
2026/05/11,12:23:37,U,[902][0] 로그인 완료
2026/05/11,12:23:37,U,[000110][-1][   2]ASTX Set [1][111]
2026/05/11,12:23:37,U,[000507][-1][   1]프로그램 실행 시작
2026/05/11,12:23:37,U,[000507][-1][   1]프로그램 설정읽기 - 1/2단계
2026/05/11,12:23:37,U,[000574][-1][   1]프로그램 설정읽기 - 2/2단계
2026/05/11,12:23:37,U,[000574][-1][   0]사용자 연결 완료
2026/05/11,12:23:37,U,[000574][-1][   1]Data A[35][49] [MAIN][RQNAME][PIIO9202][0][][0][10557]
2026/05/11,12:23:45,U,[000347][-1][   1]ASTX Proctect Edit Begin 1-1-0-1
2026/05/11,12:23:45,U,[000456][-1][   1]ASTX Proctect Edit 0 0x251666
2026/05/11,12:24:14,U,[000062][-1][   0] 사용자가 소켓 연결 해제 CommTerminate
2026/05/11,12:25:07,U,[902][0] 로그인 완료
2026/05/11,12:25:07,U,[000676][-1][   2]ASTX Set [1][111]
2026/05/11,12:25:08,U,[000067][-1][   1]프로그램 실행 시작
2026/05/11,12:25:08,U,[000068][-1][   1]프로그램 설정읽기 - 1/2단계
2026/05/11,12:25:08,U,[000134][-1][   1]프로그램 설정읽기 - 2/2단계
2026/05/11,12:25:08,U,[000135][-1][   0]사용자 연결 완료
2026/05/11,12:25:08,U,[000135][-1][   1]Data A[35][49] [MAIN][RQNAME][PIIO9202][0][][0][10557]
2026/05/11,12:27:36,U,[902][0] 로그인 완료
2026/05/11,12:27:37,U,[000003][-1][   2]ASTX Set [1][111]
2026/05/11,12:27:37,U,[000393][-1][   1]프로그램 실행 시작
2026/05/11,12:27:37,U,[000395][-1][   1]프로그램 설정읽기 - 1/2단계
2026/05/11,12:27:37,U,[000460][-1][   1]프로그램 설정읽기 - 2/2단계
2026/05/11,12:27:37,U,[000460][-1][   0]사용자 연결 완료
2026/05/11,12:27:37,U,[000460][-1][   1]Data A[35][49] [MAIN][RQNAME][PIIO9202][0][][0][10557]
2026/05/11,12:28:17,U,[000044][-1][   0] 사용자가 소켓 연결 해제 CommTerminate
2026/05/11,12:29:03,U,[902][0] 로그인 완료
2026/05/11,12:29:03,U,[000604][-1][   2]ASTX Set [1][111]
2026/05/11,12:29:04,U,[000000][-1][   1]프로그램 실행 시작
2026/05/11,12:29:04,U,[000001][-1][   1]프로그램 설정읽기 - 1/2단계
2026/05/11,12:29:04,U,[000066][-1][   1]프로그램 설정읽기 - 2/2단계
2026/05/11,12:29:04,U,[000067][-1][   0]사용자 연결 완료
2026/05/11,12:29:04,U,[000067][-1][   1]Data A[35][49] [MAIN][RQNAME][PIIO9202][0][][0][10557]
2026/05/11,12:29:22,U,[000910][-1][   0] 사용자가 소켓 연결 해제 CommTerminate
2026/05/11,12:32:16,U,[902][0] 로그인 완료
2026/05/11,12:32:16,U,[000875][-1][   2]ASTX Set [1][111]
2026/05/11,12:32:17,U,[000277][-1][   1]프로그램 실행 시작
2026/05/11,12:32:17,U,[000278][-1][   1]프로그램 설정읽기 - 1/2단계
2026/05/11,12:32:17,U,[000343][-1][   1]프로그램 설정읽기 - 2/2단계
2026/05/11,12:32:17,U,[000343][-1][   0]사용자 연결 완료
2026/05/11,12:32:17,U,[000343][-1][   1]Data A[35][49] [MAIN][RQNAME][PIIO9202][0][][0][10557]
2026/05/11,12:32:31,U,[000333][-1][   1]ASTX Proctect Edit Begin 1-1-0-1
2026/05/11,12:32:31,U,[000449][-1][   1]ASTX Proctect Edit 0 0x908e0
2026/05/11,12:33:28,U,[000933][-1][   1]ASTX Proctect Edit Begin 1-1-0-1
2026/05/11,12:33:28,U,[000938][-1][   1]ASTX Proctect Edit 0 0xa08c0
2026/05/11,12:35:35,U,[902][0] 로그인 완료
2026/05/11,12:35:35,U,[000184][-1][   2]ASTX Set [1][111]
2026/05/11,12:35:35,U,[000583][-1][   1]프로그램 실행 시작
2026/05/11,12:35:35,U,[000584][-1][   1]프로그램 설정읽기 - 1/2단계
2026/05/11,12:35:35,U,[000650][-1][   1]프로그램 설정읽기 - 2/2단계
2026/05/11,12:35:35,U,[000650][-1][   0]사용자 연결 완료
2026/05/11,12:35:35,U,[000651][-1][   1]Data A[35][49] [MAIN][RQNAME][PIIO9202][0][][0][10557]
2026/05/11,12:35:39,U,[000885][-1][   1]ASTX Proctect Edit Begin 1-1-0-1
2026/05/11,12:35:40,U,[000005][-1][   1]ASTX Proctect Edit 0 0x311b76
2026/05/11,13:00:19,U,[000945][-1][   1]가격제한폭 변경관련 메시지수신 [c]
2026/05/11,13:07:09,U,[902][0] 로그인 완료
2026/05/11,13:07:09,U,[000953][-1][   2]ASTX Set [1][111]
2026/05/11,13:07:10,U,[000392][-1][   1]프로그램 실행 시작
2026/05/11,13:07:10,U,[000392][-1][   1]프로그램 설정읽기 - 1/2단계
2026/05/11,13:07:10,U,[000466][-1][   1]프로그램 설정읽기 - 2/2단계
2026/05/11,13:07:10,U,[000466][-1][   0]사용자 연결 완료
2026/05/11,13:07:10,U,[000466][-1][   1]Data A[35][49] [MAIN][RQNAME][PIIO9202][0][][0][10557]
2026/05/11,13:07:21,U,[000205][-1][   1]ASTX Proctect Edit Begin 1-1-0-1
2026/05/11,13:07:21,U,[000315][-1][   1]ASTX Proctect Edit 0 0x251db4
2026/05/11,13:09:37,U,[902][0] 로그인 완료
2026/05/11,13:09:37,U,[000969][-1][   2]ASTX Set [1][111]
2026/05/11,13:09:38,U,[000375][-1][   1]프로그램 실행 시작
2026/05/11,13:09:38,U,[000375][-1][   1]프로그램 설정읽기 - 1/2단계
2026/05/11,13:09:38,U,[000441][-1][   1]프로그램 설정읽기 - 2/2단계
2026/05/11,13:09:38,U,[000442][-1][   0]사용자 연결 완료
2026/05/11,13:09:38,U,[000442][-1][   1]Data A[35][49] [MAIN][RQNAME][PIIO9202][0][][0][10557]
2026/05/11,13:13:00,U,[000494][-1][   1]가격제한폭 변경관련 메시지수신 [c]
2026/05/11,13:16:33,U,[902][0] 로그인 완료
2026/05/11,13:16:33,U,[000782][-1][   2]ASTX Set [1][111]
2026/05/11,13:16:34,U,[000194][-1][   1]프로그램 실행 시작
2026/05/11,13:16:34,U,[000194][-1][   1]프로그램 설정읽기 - 1/2단계
2026/05/11,13:16:34,U,[000260][-1][   1]프로그램 설정읽기 - 2/2단계
2026/05/11,13:16:34,U,[000261][-1][   0]사용자 연결 완료
2026/05/11,13:16:34,U,[000261][-1][   1]Data A[35][49] [MAIN][RQNAME][PIIO9202][0][][0][10557]
2026/05/11,13:19:32,U,[902][0] 로그인 완료
2026/05/11,13:19:32,U,[000221][-1][   2]ASTX Set [1][111]
2026/05/11,13:19:32,U,[000620][-1][   1]프로그램 실행 시작
2026/05/11,13:19:32,U,[000621][-1][   1]프로그램 설정읽기 - 1/2단계
2026/05/11,13:19:32,U,[000686][-1][   1]프로그램 설정읽기 - 2/2단계
2026/05/11,13:19:32,U,[000686][-1][   0]사용자 연결 완료
2026/05/11,13:19:32,U,[000687][-1][   1]Data A[35][49] [MAIN][RQNAME][PIIO9202][0][][0][10557]
2026/05/11,13:21:03,U,[000462][-1][   1]가격제한폭 변경관련 메시지수신 [c]
2026/05/11,13:40:02,U,[902][0] 로그인 완료
2026/05/11,13:40:02,U,[000212][-1][   2]ASTX Set [1][111]
2026/05/11,13:40:02,U,[000616][-1][   1]프로그램 실행 시작
2026/05/11,13:40:02,U,[000616][-1][   1]프로그램 설정읽기 - 1/2단계
2026/05/11,13:40:02,U,[000683][-1][   1]프로그램 설정읽기 - 2/2단계
2026/05/11,13:40:02,U,[000683][-1][   0]사용자 연결 완료
2026/05/11,13:40:02,U,[000683][-1][   1]Data A[35][49] [MAIN][RQNAME][PIIO9202][0][][0][10557]
2026/05/11,13:40:02,U,[000819][-1][   1]Data A[36][2] [5000][opt10001_req][opt10001][1][][0][1713]
2026/05/11,13:40:02,U,[000845][ 3][   0]조회데이터 응답 [5000] [opt10001_req] [4247]
2026/05/11,13:47:30,U,[902][0] 로그인 완료
2026/05/11,13:47:30,U,[000343][-1][   2]ASTX Set [1][111]
2026/05/11,13:47:30,U,[000738][-1][   1]프로그램 실행 시작
2026/05/11,13:47:30,U,[000738][-1][   1]프로그램 설정읽기 - 1/2단계
2026/05/11,13:47:30,U,[000806][-1][   1]프로그램 설정읽기 - 2/2단계
2026/05/11,13:47:30,U,[000806][-1][   0]사용자 연결 완료
2026/05/11,13:47:30,U,[000806][-1][   1]Data A[35][49] [MAIN][RQNAME][PIIO9202][0][][0][10557]
2026/05/11,13:47:30,U,[000937][-1][   1]Data A[36][2] [5000][opt10081_req][opt10081][2][][0][1713]
2026/05/11,13:47:31,U,[000081][ 3][   0]조회데이터 응답 [5000] [opt10081_req] [4247]
2026/05/11,13:47:57,U,[000576][-1][   1]가격제한폭 변경관련 메시지수신 [c]
2026/05/11,13:53:57,U,[902][0] 로그인 완료
2026/05/11,13:53:57,U,[000297][-1][   2]ASTX Set [1][111]
2026/05/11,13:53:57,U,[000696][-1][   1]프로그램 실행 시작
2026/05/11,13:53:57,U,[000697][-1][   1]프로그램 설정읽기 - 1/2단계
2026/05/11,13:53:57,U,[000762][-1][   1]프로그램 설정읽기 - 2/2단계
2026/05/11,13:53:57,U,[000762][-1][   0]사용자 연결 완료
2026/05/11,13:53:57,U,[000764][-1][   1]Data A[35][49] [MAIN][RQNAME][PIIO9202][0][][0][10557]
2026/05/11,13:53:57,U,[000890][-1][   1]Data A[36][2] [5000][opt10080_req][opt10080][2][][0][1713]
2026/05/11,13:53:58,U,[000042][ 3][   0]조회데이터 응답 [5000] [opt10080_req] [4247]
2026/05/11,14:16:04,U,[902][0] 로그인 완료
2026/05/11,14:16:04,U,[000654][-1][   2]ASTX Set [1][111]
2026/05/11,14:16:05,U,[000064][-1][   1]프로그램 실행 시작
2026/05/11,14:16:05,U,[000064][-1][   1]프로그램 설정읽기 - 1/2단계
2026/05/11,14:16:05,U,[000132][-1][   1]프로그램 설정읽기 - 2/2단계
2026/05/11,14:16:05,U,[000132][-1][   0]사용자 연결 완료
2026/05/11,14:16:05,U,[000132][-1][   1]Data A[35][49] [MAIN][RQNAME][PIIO9202][0][][0][10557]
2026/05/11,14:16:05,U,[000255][-1][   1]Data A[36][2] [5001][Real][OPTSBFID][1][][0][9835]
2026/05/11,14:16:05,U,[000255][ 3][   0] 리얼등록종목 [039490_AL 1012202141516171 5001][Code 1 Fid 8 Next 0]
2026/05/11,14:16:05,U,[000257][-1][   1]Data A[37][2] [5002][Real][OPTSBFID][1][][0][9835]
2026/05/11,14:16:05,U,[000257][ 3][   0] 리얼등록종목 [005930_AL 1012202141516171 5002][Code 1 Fid 8 Next 0]
2026/05/11,14:16:05,U,[000258][-1][   1]Data A[38][2] [5003][Real][OPTSBFID][1][][0][9835]
2026/05/11,14:16:05,U,[000258][ 3][   0] 리얼등록종목 [028300_AL 1012202141516171 5003][Code 1 Fid 8 Next 0]
2026/05/11,14:16:05,U,[000266][ 3][   0]조회데이터 응답 [5001] [Real] [4247]
2026/05/11,14:16:05,U,[000281][ 3][   0]조회데이터 응답 [5003] [Real] [4247]
2026/05/11,14:16:05,U,[000281][ 3][   0]조회데이터 응답 [5002] [Real] [4247]
2026/05/11,14:45:38,U,[902][0] 로그인 완료
2026/05/11,14:45:38,U,[000086][-1][   2]ASTX Set [1][111]
2026/05/11,14:45:38,U,[000494][-1][   1]프로그램 실행 시작
2026/05/11,14:45:38,U,[000494][-1][   1]프로그램 설정읽기 - 1/2단계
2026/05/11,14:45:38,U,[000562][-1][   1]프로그램 설정읽기 - 2/2단계
2026/05/11,14:45:38,U,[000562][-1][   0]사용자 연결 완료
2026/05/11,14:45:38,U,[000563][-1][   1]Data A[35][49] [MAIN][RQNAME][PIIO9202][0][][0][10557]
2026/05/11,14:45:38,U,[000689][ 0][   1]101127127063112127105127127051127055127062103127119127127067091127127072034127087127127053076127-28127-59127-59127022127-62127-56127-70127-54127-19127008127-24127-40127-66127-33127050127122127101127119127127073119127127072060127058127097127066127087127034127070127127071117127127078060127047127091127060127081127050127062127104127068127088127051127037127127051127055127062103127119127107127067127071127069127116127127072119127097127050127053127102127075127090127050127037127127053127057127083060127054127081127098127127076107127104127127073076127087127034127077127127083121127127059060127053127100127050127118127116127108127127127127052097127
2026/05/11,14:45:38,U,[000689][-1][   1]Data A[36][2] [5000][시장가매수주문][TDA1001_U02][1][][0][5764]
2026/05/11,14:45:38,U,[000690][ 0][   0]101127127063112127105127127051127055127062103127119127127067097127127079118127037127097127076127089127058127059127101127050127121127083127063127-18127-43127-25127-25127-75127-46127-54127-20127-66127-05127-14127-24127-32127-80127037127127055117127127076103127106127127082076127092127050127053127097127050127104127101127104127127088076127081127044127047127091127066127096127057127055127098127067127071127081127119127127072119127127076060127054127081127085127127073102127106127107127066127087127055127062127100127066127071127083127121127127093076127088127034127085127127086123127127061103127063127097127050127111127113127108127127069076127087127053127037127127051127055127065080127116127107127
2026/05/11,14:45:38,U,[000710][-1][   0] 통신메시지 수신 [5000][시장가매수주문][36][2][[100000] 모의투자 매수주문완료]
2026/05/11,14:45:38,U,[000710][ 3][   0]Data Lookup [4612] Screen[5000] TR[KOA_NORMAL_BUY_KP_ORD] RQ[시장가매수주문] [36][2]
2026/05/11,14:45:38,U,[000711][ 3][   0]조회데이터 응답 [5000] [시장가매수주문] [4656]
2026/05/11,14:45:38,U,[000711][ 3][   0]조회데이터 응답 [5000] [시장가매수주문] [4247]
2026/05/11,14:55:20,U,[902][0] 로그인 완료
2026/05/11,14:55:20,U,[000867][-1][   2]ASTX Set [1][111]
2026/05/11,14:55:21,U,[000272][-1][   1]프로그램 실행 시작
2026/05/11,14:55:21,U,[000273][-1][   1]프로그램 설정읽기 - 1/2단계
2026/05/11,14:55:21,U,[000339][-1][   1]프로그램 설정읽기 - 2/2단계
2026/05/11,14:55:21,U,[000339][-1][   0]사용자 연결 완료
2026/05/11,14:55:21,U,[000339][-1][   1]Data A[35][49] [MAIN][RQNAME][PIIO9202][0][][0][10557]
2026/05/11,14:55:21,U,[000467][ 0][   1]101127127063112127105127127051127055127062103127119127127067091127127072034127087127127053076127-24127-08127-58127-43127-62127-56127-70127-54127-19127008127-24127-40127-66127-33127050127122127101127119127127073119127127072060127058127097127066127087127034127070127127071117127127078060127047127091127060127081127050127062127104127068127088127051127037127127051127055127062103127119127107127067127071127069127116127127072119127097127050127053127102127075127090127050127037127127053127057127083060127054127081127098127127076107127104127127073076127088127050127053127097127066127087127034127077127127083121127127059060127053127097127050127118127116127108127127127127052097127
2026/05/11,14:55:21,U,[000468][-1][   1]Data A[36][2] [5000][지정가매수주문][TDA1001_U02][1][][0][5764]
2026/05/11,14:55:21,U,[000468][ 0][   0]101127127063112127105127127051127055127062103127119127127067097127127079118127037127097127076127089127058127059127101127050127121127083127063127-14127008127-24127-90127-75127-46127-54127-20127-66127-05127-14127-24127-32127-80127037127127055117127127076103127106127127082076127092127050127053127097127050127104127101127104127127088076127081127044127047127091127066127096127057127055127098127067127071127081127119127127072119127127076060127054127081127085127127073102127106127107127066127087127055127062127100127066127071127083127121127127093076127088127034127085127127086123127127061103127063127098127066127087127050127053127097127050127111127113127108127127069076127087127050127037127127051127055127065080127116127107127
2026/05/11,14:55:21,U,[000480][-1][   0] 통신메시지 수신 [5000][지정가매수주문][36][2][[RC4027] 모의투자 상/하한가 오류입니다.]
2026/05/11,14:55:21,U,[000480][ 3][   0]Data Lookup [4612] Screen[5000] TR[KOA_NORMAL_BUY_KP_ORD] RQ[지정가매수주문] [36][2]
2026/05/11,14:55:21,U,[000480][ 3][   0]조회데이터 응답 [5000] [지정가매수주문] [4656]
2026/05/11,14:55:21,U,[000480][ 3][   0]조회데이터 응답 [5000] [지정가매수주문] [4247]
2026/05/11,14:55:42,U,[902][0] 로그인 완료
2026/05/11,14:55:42,U,[000088][-1][   2]ASTX Set [1][111]
2026/05/11,14:55:42,U,[000492][-1][   1]프로그램 실행 시작
2026/05/11,14:55:42,U,[000492][-1][   1]프로그램 설정읽기 - 1/2단계
2026/05/11,14:55:42,U,[000560][-1][   1]프로그램 설정읽기 - 2/2단계
2026/05/11,14:55:42,U,[000560][-1][   0]사용자 연결 완료
2026/05/11,14:55:42,U,[000560][-1][   1]Data A[35][49] [MAIN][RQNAME][PIIO9202][0][][0][10557]
2026/05/11,14:55:53,U,[000077][-1][   1]ASTX Proctect Edit Begin 1-1-0-1
2026/05/11,14:55:53,U,[000185][-1][   1]ASTX Proctect Edit 0 0x14079c
2026/05/11,14:56:27,U,[902][0] 로그인 완료
2026/05/11,14:56:27,U,[000016][-1][   2]ASTX Set [1][111]
2026/05/11,14:56:27,U,[000438][-1][   1]프로그램 실행 시작
2026/05/11,14:56:27,U,[000439][-1][   1]프로그램 설정읽기 - 1/2단계
2026/05/11,14:56:27,U,[000504][-1][   1]프로그램 설정읽기 - 2/2단계
2026/05/11,14:56:27,U,[000504][-1][   0]사용자 연결 완료
2026/05/11,14:56:27,U,[000504][-1][   1]Data A[35][49] [MAIN][RQNAME][PIIO9202][0][][0][10557]
2026/05/11,14:56:35,U,[000112][-1][   1]ASTX Proctect Edit Begin 1-1-0-1
2026/05/11,14:56:35,U,[000232][-1][   1]ASTX Proctect Edit 0 0x21164c
2026/05/11,14:57:53,U,[902][0] 로그인 완료
2026/05/11,14:57:53,U,[000237][-1][   2]ASTX Set [1][111]
2026/05/11,14:57:53,U,[000673][-1][   1]프로그램 실행 시작
2026/05/11,14:57:53,U,[000673][-1][   1]프로그램 설정읽기 - 1/2단계
2026/05/11,14:57:53,U,[000745][-1][   1]프로그램 설정읽기 - 2/2단계
2026/05/11,14:57:53,U,[000746][-1][   0]사용자 연결 완료
2026/05/11,14:57:53,U,[000746][-1][   1]Data A[35][49] [MAIN][RQNAME][PIIO9202][0][][0][10557]
2026/05/11,14:59:03,U,[902][0] 로그인 완료
2026/05/11,14:59:03,U,[000223][-1][   2]ASTX Set [1][111]
2026/05/11,14:59:03,U,[000653][-1][   1]프로그램 실행 시작
2026/05/11,14:59:03,U,[000653][-1][   1]프로그램 설정읽기 - 1/2단계
2026/05/11,14:59:03,U,[000723][-1][   1]프로그램 설정읽기 - 2/2단계
2026/05/11,14:59:03,U,[000723][-1][   0]사용자 연결 완료
2026/05/11,14:59:03,U,[000724][-1][   1]Data A[35][49] [MAIN][RQNAME][PIIO9202][0][][0][10557]
2026/05/11,14:59:03,U,[000865][-1][   1]Data A[36][2] [5000][opt10001_req][opt10001][1][][0][1713]
2026/05/11,14:59:03,U,[000884][ 3][   0]조회데이터 응답 [5000] [opt10001_req] [4247]
2026/05/11,15:00:47,U,[902][0] 로그인 완료
2026/05/11,15:00:47,U,[000726][-1][   2]ASTX Set [1][111]
2026/05/11,15:00:48,U,[000139][-1][   1]프로그램 실행 시작
2026/05/11,15:00:48,U,[000140][-1][   1]프로그램 설정읽기 - 1/2단계
2026/05/11,15:00:48,U,[000205][-1][   1]프로그램 설정읽기 - 2/2단계
2026/05/11,15:00:48,U,[000205][-1][   0]사용자 연결 완료
2026/05/11,15:00:48,U,[000206][-1][   1]Data A[35][49] [MAIN][RQNAME][PIIO9202][0][][0][10557]
2026/05/11,15:00:48,U,[000333][-1][   1]Data A[36][2] [5000][opt10081_req][opt10081][2][][0][1713]
2026/05/11,15:00:48,U,[000443][ 3][   0]조회데이터 응답 [5000] [opt10081_req] [4247]
2026/05/11,15:06:23,U,[902][0] 로그인 완료
2026/05/11,15:06:23,U,[000342][-1][   2]ASTX Set [1][111]
2026/05/11,15:06:23,U,[000763][-1][   1]프로그램 실행 시작
2026/05/11,15:06:23,U,[000763][-1][   1]프로그램 설정읽기 - 1/2단계
2026/05/11,15:06:23,U,[000832][-1][   1]프로그램 설정읽기 - 2/2단계
2026/05/11,15:06:23,U,[000832][-1][   0]사용자 연결 완료
2026/05/11,15:06:23,U,[000833][-1][   1]Data A[35][49] [MAIN][RQNAME][PIIO9202][0][][0][10557]
2026/05/11,15:06:23,U,[000962][ 0][   1]101127127063112127105127127051127055127062103127119127127067091127127072034127087127127053076127-24127-08127-58127-43127-62127-56127-70127-54127-19127008127-24127-40127-66127-33127050127122127101127119127127073119127127072060127058127097127066127087127034127070127127071117127127078060127047127091127060127081127050127062127104127068127088127051127037127127051127055127062103127119127107127067127071127069127116127127072119127097127050127053127102127075127090127050127037127127053127057127083060127054127081127098127127076107127104127127073076127088127050127053127097127066127087127034127077127127083121127127059060127053127097127050127118127116127108127127127127052097127
2026/05/11,15:06:23,U,[000962][-1][   1]Data A[36][2] [5000][지정가매수주문][TDA1001_U02][1][][0][5764]
2026/05/11,15:06:23,U,[000963][ 0][   0]101127127063112127105127127051127055127062103127119127127067097127127079118127037127097127076127089127058127059127101127050127121127083127063127-14127008127-24127-90127-75127-46127-54127-20127-66127-05127-14127-24127-32127-80127037127127055117127127076103127106127127082076127092127050127053127097127050127104127101127104127127088076127081127044127047127091127066127096127057127055127098127067127071127081127119127127072119127127076060127054127081127085127127073102127106127107127066127087127055127062127100127066127071127083127121127127093076127088127034127085127127086123127127061103127063127098127066127087127050127053127097127050127111127113127108127127069076127087127050127037127127051127055127065080127116127107127
2026/05/11,15:06:23,U,[000985][-1][   0] 통신메시지 수신 [5000][지정가매수주문][36][2][[RC4027] 모의투자 상/하한가 오류입니다.]
2026/05/11,15:06:23,U,[000994][ 3][   0]Data Lookup [4612] Screen[5000] TR[KOA_NORMAL_BUY_KP_ORD] RQ[지정가매수주문] [36][2]
2026/05/11,15:06:23,U,[000994][ 3][   0]조회데이터 응답 [5000] [지정가매수주문] [4656]
2026/05/11,15:06:23,U,[000994][ 3][   0]조회데이터 응답 [5000] [지정가매수주문] [4247]
2026/05/11,15:07:45,U,[902][0] 로그인 완료
2026/05/11,15:07:45,U,[000693][-1][   2]ASTX Set [1][111]
2026/05/11,15:07:46,U,[000109][-1][   1]프로그램 실행 시작
2026/05/11,15:07:46,U,[000110][-1][   1]프로그램 설정읽기 - 1/2단계
2026/05/11,15:07:46,U,[000177][-1][   1]프로그램 설정읽기 - 2/2단계
2026/05/11,15:07:46,U,[000177][-1][   0]사용자 연결 완료
2026/05/11,15:07:46,U,[000177][-1][   1]Data A[35][49] [MAIN][RQNAME][PIIO9202][0][][0][10557]
2026/05/11,15:07:46,U,[000310][ 0][   1]101127127063112127105127127051127055127062103127119127127067091127127072034127087127127053076127-28127-59127-59127022127-62127-56127-70127-54127-19127008127-24127-40127-66127-33127050127122127101127119127127073119127127072060127058127097127066127087127034127070127127071117127127078060127047127091127060127081127050127062127104127068127088127051127037127127051127055127062103127119127107127067127071127069127116127127072119127097127050127053127102127075127090127050127037127127053127057127083060127054127081127098127127076107127104127127073076127087127034127077127127083121127127059060127053127100127050127118127116127108127127127127052097127
2026/05/11,15:07:46,U,[000310][-1][   1]Data A[36][2] [5000][시장가매수주문][TDA1001_U02][1][][0][5764]
2026/05/11,15:07:46,U,[000311][ 0][   0]101127127063112127105127127051127055127062103127119127127067097127127079118127037127097127076127089127058127059127101127050127121127083127063127-18127-43127-25127-25127-75127-46127-54127-20127-66127-05127-14127-24127-32127-80127037127127055117127127076103127106127127082076127092127050127053127097127050127104127101127104127127088076127081127044127047127091127066127096127057127055127098127067127071127081127119127127072119127127076060127054127081127085127127073102127106127107127066127087127055127062127100127066127071127083127121127127093076127088127034127085127127086123127127061103127063127097127050127111127113127108127127069076127087127053127037127127051127055127065080127116127107127
2026/05/11,15:07:46,U,[000323][-1][   0] 통신메시지 수신 [5000][시장가매수주문][36][2][[100000] 모의투자 매수주문완료]
2026/05/11,15:07:46,U,[000324][ 3][   0]Data Lookup [4612] Screen[5000] TR[KOA_NORMAL_BUY_KP_ORD] RQ[시장가매수주문] [36][2]
2026/05/11,15:07:46,U,[000324][ 3][   0]조회데이터 응답 [5000] [시장가매수주문] [4656]
2026/05/11,15:07:46,U,[000324][ 3][   0]조회데이터 응답 [5000] [시장가매수주문] [4247]
2026/05/11,15:51:22,U,[902][0] 로그인 완료
2026/05/11,15:51:22,U,[000398][-1][   2]ASTX Set [1][111]
2026/05/11,15:51:22,U,[000848][-1][   1]프로그램 실행 시작
2026/05/11,15:51:22,U,[000849][-1][   1]프로그램 설정읽기 - 1/2단계
2026/05/11,15:51:22,U,[000917][-1][   1]프로그램 설정읽기 - 2/2단계
2026/05/11,15:51:22,U,[000917][-1][   0]사용자 연결 완료
2026/05/11,15:51:22,U,[000917][-1][   1]Data A[35][49] [MAIN][RQNAME][PIIO9202][0][][0][10557]
2026/05/11,16:07:14,U,[902][0] 로그인 완료
2026/05/11,16:07:14,U,[000658][-1][   2]ASTX Set [1][111]
2026/05/11,16:07:15,U,[000103][-1][   1]프로그램 실행 시작
2026/05/11,16:07:15,U,[000103][-1][   1]프로그램 설정읽기 - 1/2단계
2026/05/11,16:07:15,U,[000175][-1][   1]프로그램 설정읽기 - 2/2단계
2026/05/11,16:07:15,U,[000175][-1][   0]사용자 연결 완료
2026/05/11,16:07:15,U,[000175][-1][   1]Data A[35][49] [MAIN][RQNAME][PIIO9202][0][][0][10557]
2026/05/11,16:07:15,U,[000299][-1][   1]Data A[36][2] [5001][Real][OPTSBFID][1][][0][9835]
2026/05/11,16:07:15,U,[000299][ 3][   0] 리얼등록종목 [005930_AL 101220 5001][Code 1 Fid 3 Next 0]
2026/05/11,16:07:15,U,[000304][-1][   1]Data A[37][2] [5000][opt10080_req][opt10080][2][][0][1713]
2026/05/11,16:07:15,U,[000322][ 3][   0]조회데이터 응답 [5001] [Real] [4247]
2026/05/11,16:07:15,U,[000433][ 3][   0]조회데이터 응답 [5000] [opt10080_req] [4247]
2026/05/11,16:44:33,U,[902][0] 로그인 완료
2026/05/11,16:44:33,U,[000823][-1][   2]ASTX Set [1][111]
2026/05/11,16:44:34,U,[000277][-1][   1]프로그램 실행 시작
2026/05/11,16:44:34,U,[000279][-1][   1]프로그램 설정읽기 - 1/2단계
2026/05/11,16:44:34,U,[000345][-1][   1]프로그램 설정읽기 - 2/2단계
2026/05/11,16:44:34,U,[000346][-1][   0]사용자 연결 완료
2026/05/11,16:44:34,U,[000346][-1][   1]Data A[35][49] [MAIN][RQNAME][PIIO9202][0][][0][10557]
2026/05/11,16:44:41,U,[000978][-1][   1]ASTX Proctect Edit Begin 1-1-0-1
2026/05/11,16:44:42,U,[000084][-1][   1]ASTX Proctect Edit 0 0x1f0ab6
2026/05/11,16:47:51,U,[000435][-1][   0] 사용자가 소켓 연결 해제 CommTerminate
2026/05/11,16:49:28,U,[902][0] 로그인 완료
2026/05/11,16:49:28,U,[000295][-1][   2]ASTX Set [1][111]
2026/05/11,16:49:28,U,[000752][-1][   1]프로그램 실행 시작
2026/05/11,16:49:28,U,[000752][-1][   1]프로그램 설정읽기 - 1/2단계
2026/05/11,16:49:28,U,[000836][-1][   1]프로그램 설정읽기 - 2/2단계
2026/05/11,16:49:28,U,[000836][-1][   0]사용자 연결 완료
2026/05/11,16:49:28,U,[000836][-1][   1]Data A[35][49] [MAIN][RQNAME][PIIO9202][0][][0][10557]
2026/05/11,16:50:30,U,[000772][-1][   1]ASTX Proctect Edit Begin 1-1-0-1
2026/05/11,16:50:30,U,[000877][-1][   1]ASTX Proctect Edit 0 0x2f0bb2
2026/05/11,18:33:56,U,[902][0] 로그인 완료
2026/05/11,18:33:56,U,[000895][-1][   2]ASTX Set [1][111]
2026/05/11,18:33:57,U,[000380][-1][   1]프로그램 실행 시작
2026/05/11,18:33:57,U,[000380][-1][   1]프로그램 설정읽기 - 1/2단계
2026/05/11,18:33:57,U,[000454][-1][   1]프로그램 설정읽기 - 2/2단계
2026/05/11,18:33:57,U,[000454][-1][   0]사용자 연결 완료
2026/05/11,18:33:57,U,[000454][-1][   1]Data A[35][49] [MAIN][RQNAME][PIIO9202][0][][0][10557]
2026/05/11,18:33:57,U,[000682][-1][   1]Data A[36][2] [5001][opw00018_req][opw00018][0][][0][1925]
2026/05/11,18:33:57,U,[000756][-1][   0] 통신메시지 수신 [5001][opw00018_req][36][2][[100000] 모의투자 조회완료]
2026/05/11,18:33:57,U,[000756][ 3][   0]Data Lookup [4612] Screen[5001] TR[opw00018] RQ[opw00018_req] [36][2]
2026/05/11,18:33:57,U,[000761][ 3][   0]조회데이터 응답 [5001][opw00018_req][opw00018][36][2][4899]
2026/05/11,18:39:56,U,[000562][-1][   0] 사용자가 소켓 연결 해제 CommTerminate
2026/05/11,18:40:13,U,[902][0] 로그인 완료
2026/05/11,18:40:13,U,[000180][-1][   2]ASTX Set [1][111]
2026/05/11,18:40:13,U,[000638][-1][   1]프로그램 실행 시작
2026/05/11,18:40:13,U,[000639][-1][   1]프로그램 설정읽기 - 1/2단계
2026/05/11,18:40:13,U,[000706][-1][   1]프로그램 설정읽기 - 2/2단계
2026/05/11,18:40:13,U,[000706][-1][   0]사용자 연결 완료
2026/05/11,18:40:13,U,[000707][-1][   1]Data A[35][49] [MAIN][RQNAME][PIIO9202][0][][0][10557]
2026/05/11,18:40:13,U,[000882][-1][   1]Data A[36][2] [5001][opw00018_req][opw00018][0][][0][1925]
2026/05/11,18:40:13,U,[000900][-1][   0] 통신메시지 수신 [5001][opw00018_req][36][2][[100000] 모의투자 조회완료]
2026/05/11,18:40:13,U,[000901][ 3][   0]Data Lookup [4612] Screen[5001] TR[opw00018] RQ[opw00018_req] [36][2]
2026/05/11,18:40:13,U,[000903][ 3][   0]조회데이터 응답 [5001][opw00018_req][opw00018][36][2][4899]
2026/05/11,19:17:58,U,[902][0] 로그인 완료
2026/05/11,19:17:58,U,[000693][-1][   2]ASTX Set [1][111]
2026/05/11,19:17:59,U,[000163][-1][   1]프로그램 실행 시작
2026/05/11,19:17:59,U,[000164][-1][   1]프로그램 설정읽기 - 1/2단계
2026/05/11,19:17:59,U,[000240][-1][   1]프로그램 설정읽기 - 2/2단계
2026/05/11,19:17:59,U,[000241][-1][   0]사용자 연결 완료
2026/05/11,19:17:59,U,[000241][-1][   1]Data A[35][49] [MAIN][RQNAME][PIIO9202][0][][0][10557]
2026/05/11,19:17:59,U,[000525][-1][   1]Data A[36][2] [5001][opw00018_req][opw00018][0][][0][1925]
2026/05/11,19:17:59,U,[000548][-1][   0] 통신메시지 수신 [5001][opw00018_req][36][2][[100000] 모의투자 조회완료]
2026/05/11,19:17:59,U,[000548][ 3][   0]Data Lookup [4612] Screen[5001] TR[opw00018] RQ[opw00018_req] [36][2]
2026/05/11,19:17:59,U,[000552][ 3][   0]조회데이터 응답 [5001][opw00018_req][opw00018][36][2][4899]
2026/05/11,19:18:11,U,[000660][-1][   1]Data A[37][2] [5002][opt10030_req][opt10030][1][][0][1713]
2026/05/11,19:18:11,U,[000709][ 3][   0]조회데이터 응답 [5002] [opt10030_req] [4247]
2026/05/11,19:18:19,U,[000541][-1][   1]Data A[38][2] [5003][opt10030_req][opt10030][1][][0][1713]
2026/05/11,19:18:19,U,[000570][ 3][   0]조회데이터 응답 [5003] [opt10030_req] [4247]
2026/05/11,19:18:21,U,[000617][-1][   1]Data A[39][2] [5004][opt10030_req][opt10030][1][][0][1713]
2026/05/11,19:18:21,U,[000648][ 3][   0]조회데이터 응답 [5004] [opt10030_req] [4247]
2026/05/11,19:18:22,U,[000093][-1][   1]Data A[40][2] [5005][opt10030_req][opt10030][1][][0][1713]
2026/05/11,19:18:22,U,[000122][ 3][   0]조회데이터 응답 [5005] [opt10030_req] [4247]
2026/05/11,19:18:22,U,[000280][-1][   1]Data A[41][2] [5006][opt10030_req][opt10030][1][][0][1713]
2026/05/11,19:18:22,U,[000306][ 3][   0]조회데이터 응답 [5006] [opt10030_req] [4247]
2026/05/11,19:18:23,U,[000745][-1][   1]Data A[42][2] [5007][opt10030_req][opt10030][1][][0][1713]
2026/05/11,19:18:23,U,[000773][ 3][   0]조회데이터 응답 [5007] [opt10030_req] [4247]
2026/05/11,19:18:23,U,[000949][-1][   1]Data A[43][2] [5008][opt10030_req][opt10030][1][][0][1713]
2026/05/11,19:18:23,U,[000978][ 3][   0]조회데이터 응답 [5008] [opt10030_req] [4247]
2026/05/11,19:18:24,U,[000148][-1][   1]Data A[44][2] [5009][opt10030_req][opt10030][1][][0][1713]
2026/05/11,19:18:24,U,[000175][ 3][   0]조회데이터 응답 [5009] [opt10030_req] [4247]
2026/05/11,19:18:24,U,[000346][-1][   1]Data A[45][2] [5010][opt10030_req][opt10030][1][][0][1713]
2026/05/11,19:18:24,U,[000370][ 3][   0]조회데이터 응답 [5010] [opt10030_req] [4247]
2026/05/11,19:22:34,U,[000837][-1][   0] 사용자가 소켓 연결 해제 CommTerminate
2026/05/11,19:22:46,U,[902][0] 로그인 완료
2026/05/11,19:22:46,U,[000897][-1][   2]ASTX Set [1][111]
2026/05/11,19:22:47,U,[000372][-1][   1]프로그램 실행 시작
2026/05/11,19:22:47,U,[000373][-1][   1]프로그램 설정읽기 - 1/2단계
2026/05/11,19:22:47,U,[000440][-1][   1]프로그램 설정읽기 - 2/2단계
2026/05/11,19:22:47,U,[000440][-1][   0]사용자 연결 완료
2026/05/11,19:22:47,U,[000440][-1][   1]Data A[35][49] [MAIN][RQNAME][PIIO9202][0][][0][10557]
2026/05/11,19:22:47,U,[000639][-1][   1]Data A[36][2] [5001][opw00018_req][opw00018][0][][0][1925]
2026/05/11,19:22:47,U,[000672][-1][   0] 통신메시지 수신 [5001][opw00018_req][36][2][[100000] 모의투자 조회완료]
2026/05/11,19:22:47,U,[000674][ 3][   0]Data Lookup [4612] Screen[5001] TR[opw00018] RQ[opw00018_req] [36][2]
2026/05/11,19:22:47,U,[000675][ 3][   0]조회데이터 응답 [5001][opw00018_req][opw00018][36][2][4899]
2026/05/11,19:22:49,U,[000802][-1][   1]Data A[37][2] [5002][opt10030_req][opt10030][1][][0][1713]
2026/05/11,19:22:49,U,[000836][ 3][   0]조회데이터 응답 [5002] [opt10030_req] [4247]
2026/05/11,19:22:51,U,[000894][-1][   1]Data A[38][2] [5003][opt10030_req][opt10030][1][][0][1713]
2026/05/11,19:22:51,U,[000919][ 3][   0]조회데이터 응답 [5003] [opt10030_req] [4247]
2026/05/11,19:22:52,U,[000106][-1][   1]Data A[39][2] [5004][opt10030_req][opt10030][1][][0][1713]
2026/05/11,19:22:52,U,[000138][ 3][   0]조회데이터 응답 [5004] [opt10030_req] [4247]
2026/05/11,19:22:52,U,[000301][-1][   1]Data A[40][2] [5005][opt10030_req][opt10030][1][][0][1713]
2026/05/11,19:22:52,U,[000328][ 3][   0]조회데이터 응답 [5005] [opt10030_req] [4247]
2026/05/11,19:22:52,U,[000481][-1][   1]Data A[41][2] [5006][opt10030_req][opt10030][1][][0][1713]
2026/05/11,19:22:52,U,[000504][ 3][   0]조회데이터 응답 [5006] [opt10030_req] [4247]
2026/05/11,19:22:56,U,[000909][-1][   1]Data A[42][2] [5007][opt10030_req][opt10030][1][][0][1713]
2026/05/11,19:22:56,U,[000944][ 3][   0]조회데이터 응답 [5007] [opt10030_req] [4247]
2026/05/11,19:22:57,U,[000110][-1][   1]Data A[43][2] [5008][opt10030_req][opt10030][1][][0][1713]
2026/05/11,19:22:57,U,[000143][ 3][   0]조회데이터 응답 [5008] [opt10030_req] [4247]
2026/05/11,19:22:57,U,[000426][-1][   1]Data A[44][2] [5009][opt10030_req][opt10030][1][][0][1713]
2026/05/11,19:22:57,U,[000455][ 3][   0]조회데이터 응답 [5009] [opt10030_req] [4247]
2026/05/11,19:22:57,U,[000622][-1][   1]Data A[45][2] [5010][opt10030_req][opt10030][1][][0][1713]
2026/05/11,19:22:57,U,[000645][ 3][   0]조회데이터 응답 [5010] [opt10030_req] [4247]
2026/05/11,19:22:57,U,[000837][-1][   1]Data A[46][2] [5011][opt10030_req][opt10030][1][][0][1713]
2026/05/11,19:22:57,U,[000870][ 3][   0]조회데이터 응답 [5011] [opt10030_req] [4247]
2026/05/11,19:22:58,U,[000038][-1][   1]Data A[47][2] [5012][opt10030_req][opt10030][1][][0][1713]
2026/05/11,19:22:58,U,[000068][ 3][   0]조회데이터 응답 [5012] [opt10030_req] [4247]
2026/05/11,19:22:58,U,[000238][-1][   1]Data A[48][2] [5013][opt10030_req][opt10030][1][][0][1713]
2026/05/11,19:22:58,U,[000269][ 3][   0]조회데이터 응답 [5013] [opt10030_req] [4247]
2026/05/11,19:22:58,U,[000438][-1][   1]Data A[49][2] [5014][opt10030_req][opt10030][1][][0][1713]
2026/05/11,19:22:58,U,[000468][ 3][   0]조회데이터 응답 [5014] [opt10030_req] [4247]
2026/05/11,19:22:58,U,[000682][-1][   1]Data A[50][2] [5015][opt10030_req][opt10030][1][][0][1713]
2026/05/11,19:22:58,U,[000707][ 3][   0]조회데이터 응답 [5015] [opt10030_req] [4247]
2026/05/11,19:22:58,U,[000965][-1][   1]Data A[51][2] [5016][opt10030_req][opt10030][1][][0][1713]
2026/05/11,19:22:58,U,[000999][ 3][   0]조회데이터 응답 [5016] [opt10030_req] [4247]
2026/05/11,19:22:59,U,[000238][-1][   1]Data A[52][2] [5017][opt10030_req][opt10030][1][][0][1713]
2026/05/11,19:22:59,U,[000268][ 3][   0]조회데이터 응답 [5017] [opt10030_req] [4247]
2026/05/11,19:22:59,U,[000717][-1][   1]Data A[53][2] [5018][opt10030_req][opt10030][1][][0][1713]
2026/05/11,19:22:59,U,[000745][ 3][   0]조회데이터 응답 [5018] [opt10030_req] [4247]
2026/05/11,19:23:00,U,[000094][-1][   1]Data A[54][2] [5019][opt10030_req][opt10030][1][][0][1713]
2026/05/11,19:23:00,U,[000123][ 3][   0]조회데이터 응답 [5019] [opt10030_req] [4247]
2026/05/11,19:23:00,U,[000262][-1][   1]Data A[55][2] [5020][opt10030_req][opt10030][1][][0][1713]
2026/05/11,19:23:00,U,[000289][ 3][   0]조회데이터 응답 [5020] [opt10030_req] [4247]
2026/05/11,19:23:00,U,[000478][-1][   1]Data A[56][2] [5021][opt10030_req][opt10030][1][][0][1713]
2026/05/11,19:23:00,U,[000509][ 3][   0]조회데이터 응답 [5021] [opt10030_req] [4247]
2026/05/11,19:23:00,U,[000693][-1][   1]Data A[57][2] [5022][opt10030_req][opt10030][1][][0][1713]
2026/05/11,19:23:00,U,[000726][ 3][   0]조회데이터 응답 [5022] [opt10030_req] [4247]
